[ 2016-05-25T09:38:23+08:00 ] 127.0.0.1 /demo/index.php?s=/Home/Index/login
INFO: [ app_init ] --START--
INFO: [ app_init ] --END-- [ RunTime:0.000000s ]
INFO: [ path_info ] --START--
INFO: [ path_info ] --END-- [ RunTime:0.000000s ]
NOTIC: [8192] preg_replace(): The /e modifier is deprecated, use preg_replace_callback instead E:\www\demo\ThinkPHP\Library\Think\Dispatcher.class.php 第 175 行.
INFO: [ app_begin ] --START--
INFO: Run Behavior_ReadHtmlCacheBehavior [ RunTime:0.001000s ]
INFO: [ app_begin ] --END-- [ RunTime:0.001000s ]
NOTIC: [8192] preg_replace(): The /e modifier is deprecated, use preg_replace_callback instead E:\www\demo\ThinkPHP\Common\functions.php 第 326 行.
INFO: [ action_begin ] --START--
INFO: [ action_begin ] --END-- [ RunTime:0.000000s ]
INFO: [ view_begin ] --START--
INFO: [ view_begin ] --END-- [ RunTime:0.000000s ]
INFO: [ view_parse ] --START--
NOTIC: [8192] preg_replace(): The /e modifier is deprecated, use preg_replace_callback instead E:\www\demo\ThinkPHP\Library\Think\Template.class.php 第 258 行.
NOTIC: [2] file_get_contents(./Application/Mobile/View/Index/footer_html.html): failed to open stream: No such file or directory E:\www\demo\ThinkPHP\Library\Think\Template.class.php 第 694 行.
NOTIC: [8192] preg_replace(): The /e modifier is deprecated, use preg_replace_callback instead E:\www\demo\ThinkPHP\Library\Think\Template.class.php 第 258 行.
NOTIC: [8192] preg_replace(): The /e modifier is deprecated, use preg_replace_callback instead E:\www\demo\ThinkPHP\Library\Think\Template.class.php 第 419 行.
NOTIC: [8192] preg_replace(): The /e modifier is deprecated, use preg_replace_callback instead E:\www\demo\ThinkPHP\Library\Think\Template.class.php 第 419 行.
NOTIC: [8192] preg_replace(): The /e modifier is deprecated, use preg_replace_callback instead E:\www\demo\ThinkPHP\Library\Think\Template.class.php 第 419 行.
NOTIC: [8192] preg_replace(): The /e modifier is deprecated, use preg_replace_callback instead E:\www\demo\ThinkPHP\Library\Think\Template.class.php 第 419 行.
NOTIC: [8192] preg_replace(): The /e modifier is deprecated, use preg_replace_callback instead E:\www\demo\ThinkPHP\Library\Think\Template.class.php 第 419 行.
NOTIC: [8192] preg_replace(): The /e modifier is deprecated, use preg_replace_callback instead E:\www\demo\ThinkPHP\Library\Think\Template.class.php 第 419 行.
NOTIC: [8192] preg_replace(): The /e modifier is deprecated, use preg_replace_callback instead E:\www\demo\ThinkPHP\Library\Think\Template.class.php 第 419 行.
NOTIC: [8192] preg_replace(): The /e modifier is deprecated, use preg_replace_callback instead E:\www\demo\ThinkPHP\Library\Think\Template.class.php 第 419 行.
NOTIC: [8192] preg_replace(): The /e modifier is deprecated, use preg_replace_callback instead E:\www\demo\ThinkPHP\Library\Think\Template.class.php 第 419 行.
NOTIC: [8192] preg_replace(): The /e modifier is deprecated, use preg_replace_callback instead E:\www\demo\ThinkPHP\Library\Think\Template.class.php 第 419 行.
NOTIC: [8192] preg_replace(): The /e modifier is deprecated, use preg_replace_callback instead E:\www\demo\ThinkPHP\Library\Think\Template.class.php 第 419 行.
NOTIC: [8192] preg_replace(): The /e modifier is deprecated, use preg_replace_callback instead E:\www\demo\ThinkPHP\Library\Think\Template.class.php 第 419 行.
NOTIC: [8192] preg_replace(): The /e modifier is deprecated, use preg_replace_callback instead E:\www\demo\ThinkPHP\Library\Think\Template.class.php 第 414 行.
NOTIC: [8192] preg_replace(): The /e modifier is deprecated, use preg_replace_callback instead E:\www\demo\ThinkPHP\Library\Think\Template.class.php 第 414 行.
NOTIC: [8192] preg_replace(): The /e modifier is deprecated, use preg_replace_callback instead E:\www\demo\ThinkPHP\Library\Think\Template.class.php 第 419 行.
NOTIC: [8192] preg_replace(): The /e modifier is deprecated, use preg_replace_callback instead E:\www\demo\ThinkPHP\Library\Think\Template.class.php 第 419 行.
NOTIC: [8192] preg_replace(): The /e modifier is deprecated, use preg_replace_callback instead E:\www\demo\ThinkPHP\Library\Think\Template.class.php 第 419 行.
NOTIC: [8192] preg_replace(): The /e modifier is deprecated, use preg_replace_callback instead E:\www\demo\ThinkPHP\Library\Think\Template.class.php 第 414 行.
NOTIC: [8192] preg_replace(): The /e modifier is deprecated, use preg_replace_callback instead E:\www\demo\ThinkPHP\Library\Think\Template.class.php 第 419 行.
NOTIC: [8192] preg_replace(): The /e modifier is deprecated, use preg_replace_callback instead E:\www\demo\ThinkPHP\Library\Think\Template.class.php 第 419 行.
NOTIC: [8192] preg_replace(): The /e modifier is deprecated, use preg_replace_callback instead E:\www\demo\ThinkPHP\Library\Think\Template.class.php 第 419 行.
NOTIC: [8192] preg_replace(): The /e modifier is deprecated, use preg_replace_callback instead E:\www\demo\ThinkPHP\Library\Think\Template.class.php 第 419 行.
NOTIC: [8192] preg_replace(): The /e modifier is deprecated, use preg_replace_callback instead E:\www\demo\ThinkPHP\Library\Think\Template.class.php 第 419 行.
NOTIC: [8192] preg_replace(): The /e modifier is deprecated, use preg_replace_callback instead E:\www\demo\ThinkPHP\Library\Think\Template.class.php 第 419 行.
NOTIC: [8192] preg_replace(): The /e modifier is deprecated, use preg_replace_callback instead E:\www\demo\ThinkPHP\Library\Think\Template.class.php 第 419 行.
NOTIC: [8192] preg_replace(): The /e modifier is deprecated, use preg_replace_callback instead E:\www\demo\ThinkPHP\Library\Think\Template.class.php 第 419 行.
NOTIC: [8192] preg_replace(): The /e modifier is deprecated, use preg_replace_callback instead E:\www\demo\ThinkPHP\Library\Think\Template.class.php 第 419 行.
NOTIC: [8192] preg_replace(): The /e modifier is deprecated, use preg_replace_callback instead E:\www\demo\ThinkPHP\Library\Think\Template.class.php 第 419 行.
NOTIC: [8192] preg_replace(): The /e modifier is deprecated, use preg_replace_callback instead E:\www\demo\ThinkPHP\Library\Think\Template.class.php 第 419 行.
NOTIC: [8192] preg_replace(): The /e modifier is deprecated, use preg_replace_callback instead E:\www\demo\ThinkPHP\Library\Think\Template.class.php 第 419 行.
NOTIC: [8192] preg_replace(): The /e modifier is deprecated, use preg_replace_callback instead E:\www\demo\ThinkPHP\Library\Think\Template.class.php 第 419 行.
NOTIC: [8192] preg_replace(): The /e modifier is deprecated, use preg_replace_callback instead E:\www\demo\ThinkPHP\Library\Think\Template.class.php 第 419 行.
NOTIC: [8192] preg_replace(): The /e modifier is deprecated, use preg_replace_callback instead E:\www\demo\ThinkPHP\Library\Think\Template.class.php 第 419 行.
NOTIC: [8192] preg_replace(): The /e modifier is deprecated, use preg_replace_callback instead E:\www\demo\ThinkPHP\Library\Think\Template.class.php 第 419 行.
NOTIC: [8192] preg_replace(): The /e modifier is deprecated, use preg_replace_callback instead E:\www\demo\ThinkPHP\Library\Think\Template.class.php 第 419 行.
NOTIC: [8192] preg_replace(): The /e modifier is deprecated, use preg_replace_callback instead E:\www\demo\ThinkPHP\Library\Think\Template.class.php 第 419 行.
NOTIC: [8192] preg_replace(): The /e modifier is deprecated, use preg_replace_callback instead E:\www\demo\ThinkPHP\Library\Think\Template.class.php 第 419 行.
NOTIC: [8192] preg_replace(): The /e modifier is deprecated, use preg_replace_callback instead E:\www\demo\ThinkPHP\Library\Think\Template.class.php 第 419 行.
NOTIC: [8192] preg_replace(): The /e modifier is deprecated, use preg_replace_callback instead E:\www\demo\ThinkPHP\Library\Think\Template.class.php 第 419 行.
NOTIC: [8192] preg_replace(): The /e modifier is deprecated, use preg_replace_callback instead E:\www\demo\ThinkPHP\Library\Think\Template.class.php 第 419 行.
NOTIC: [8192] preg_replace(): The /e modifier is deprecated, use preg_replace_callback instead E:\www\demo\ThinkPHP\Library\Think\Template.class.php 第 419 行.
NOTIC: [8192] preg_replace(): The /e modifier is deprecated, use preg_replace_callback instead E:\www\demo\ThinkPHP\Library\Think\Template.class.php 第 419 行.
NOTIC: [8192] preg_replace(): The /e modifier is deprecated, use preg_replace_callback instead E:\www\demo\ThinkPHP\Library\Think\Template.class.php 第 419 行.
NOTIC: [8192] preg_replace(): The /e modifier is deprecated, use preg_replace_callback instead E:\www\demo\ThinkPHP\Library\Think\Template.class.php 第 419 行.
NOTIC: [8192] preg_replace(): The /e modifier is deprecated, use preg_replace_callback instead E:\www\demo\ThinkPHP\Library\Think\Template.class.php 第 419 行.
NOTIC: [8192] preg_replace(): The /e modifier is deprecated, use preg_replace_callback instead E:\www\demo\ThinkPHP\Library\Think\Template.class.php 第 419 行.
NOTIC: [8192] preg_replace(): The /e modifier is deprecated, use preg_replace_callback instead E:\www\demo\ThinkPHP\Library\Think\Template.class.php 第 419 行.
NOTIC: [8192] preg_replace(): The /e modifier is deprecated, use preg_replace_callback instead E:\www\demo\ThinkPHP\Library\Think\Template.class.php 第 419 行.
NOTIC: [8192] preg_replace(): The /e modifier is deprecated, use preg_replace_callback instead E:\www\demo\ThinkPHP\Library\Think\Template.class.php 第 419 行.
NOTIC: [8192] preg_replace(): The /e modifier is deprecated, use preg_replace_callback instead E:\www\demo\ThinkPHP\Library\Think\Template.class.php 第 419 行.
NOTIC: [8192] preg_replace(): The /e modifier is deprecated, use preg_replace_callback instead E:\www\demo\ThinkPHP\Library\Think\Template.class.php 第 419 行.
NOTIC: [8192] preg_replace(): The /e modifier is deprecated, use preg_replace_callback instead E:\www\demo\ThinkPHP\Library\Think\Template.class.php 第 419 行.
NOTIC: [8192] preg_replace(): The /e modifier is deprecated, use preg_replace_callback instead E:\www\demo\ThinkPHP\Library\Think\Template.class.php 第 419 行.
NOTIC: [8192] preg_replace(): The /e modifier is deprecated, use preg_replace_callback instead E:\www\demo\ThinkPHP\Library\Think\Template.class.php 第 419 行.
NOTIC: [8192] preg_replace(): The /e modifier is deprecated, use preg_replace_callback instead E:\www\demo\ThinkPHP\Library\Think\Template.class.php 第 419 行.
NOTIC: [8192] preg_replace(): The /e modifier is deprecated, use preg_replace_callback instead E:\www\demo\ThinkPHP\Library\Think\Template.class.php 第 419 行.
NOTIC: [8192] preg_replace(): The /e modifier is deprecated, use preg_replace_callback instead E:\www\demo\ThinkPHP\Library\Think\Template.class.php 第 419 行.
NOTIC: [8192] preg_replace(): The /e modifier is deprecated, use preg_replace_callback instead E:\www\demo\ThinkPHP\Library\Think\Template.class.php 第 419 行.
NOTIC: [8192] preg_replace(): The /e modifier is deprecated, use preg_replace_callback instead E:\www\demo\ThinkPHP\Library\Think\Template.class.php 第 419 行.
NOTIC: [8192] preg_replace(): The /e modifier is deprecated, use preg_replace_callback instead E:\www\demo\ThinkPHP\Library\Think\Template.class.php 第 419 行.
NOTIC: [8192] preg_replace(): The /e modifier is deprecated, use preg_replace_callback instead E:\www\demo\ThinkPHP\Library\Think\Template.class.php 第 419 行.
NOTIC: [8192] preg_replace(): The /e modifier is deprecated, use preg_replace_callback instead E:\www\demo\ThinkPHP\Library\Think\Template.class.php 第 419 行.
NOTIC: [8192] preg_replace(): The /e modifier is deprecated, use preg_replace_callback instead E:\www\demo\ThinkPHP\Library\Think\Template.class.php 第 419 行.
NOTIC: [8192] preg_replace(): The /e modifier is deprecated, use preg_replace_callback instead E:\www\demo\ThinkPHP\Library\Think\Template.class.php 第 419 行.
NOTIC: [8192] preg_replace(): The /e modifier is deprecated, use preg_replace_callback instead E:\www\demo\ThinkPHP\Library\Think\Template.class.php 第 419 行.
NOTIC: [8192] preg_replace(): The /e modifier is deprecated, use preg_replace_callback instead E:\www\demo\ThinkPHP\Library\Think\Template.class.php 第 419 行.
NOTIC: [8192] preg_replace(): The /e modifier is deprecated, use preg_replace_callback instead E:\www\demo\ThinkPHP\Library\Think\Template.class.php 第 419 行.
NOTIC: [8192] preg_replace(): The /e modifier is deprecated, use preg_replace_callback instead E:\www\demo\ThinkPHP\Library\Think\Template.class.php 第 419 行.
NOTIC: [8192] preg_replace(): The /e modifier is deprecated, use preg_replace_callback instead E:\www\demo\ThinkPHP\Library\Think\Template.class.php 第 419 行.
NOTIC: [8192] preg_replace(): The /e modifier is deprecated, use preg_replace_callback instead E:\www\demo\ThinkPHP\Library\Think\Template.class.php 第 419 行.
NOTIC: [8192] preg_replace(): The /e modifier is deprecated, use preg_replace_callback instead E:\www\demo\ThinkPHP\Library\Think\Template.class.php 第 419 行.
NOTIC: [8192] preg_replace(): The /e modifier is deprecated, use preg_replace_callback instead E:\www\demo\ThinkPHP\Library\Think\Template.class.php 第 419 行.
NOTIC: [8192] preg_replace(): The /e modifier is deprecated, use preg_replace_callback instead E:\www\demo\ThinkPHP\Library\Think\Template.class.php 第 419 行.
NOTIC: [8192] preg_replace(): The /e modifier is deprecated, use preg_replace_callback instead E:\www\demo\ThinkPHP\Library\Think\Template.class.php 第 419 行.
NOTIC: [8192] preg_replace(): The /e modifier is deprecated, use preg_replace_callback instead E:\www\demo\ThinkPHP\Library\Think\Template.class.php 第 419 行.
NOTIC: [8192] preg_replace(): The /e modifier is deprecated, use preg_replace_callback instead E:\www\demo\ThinkPHP\Library\Think\Template.class.php 第 419 行.
NOTIC: [8192] preg_replace(): The /e modifier is deprecated, use preg_replace_callback instead E:\www\demo\ThinkPHP\Library\Think\Template.class.php 第 419 行.
NOTIC: [8192] preg_replace(): The /e modifier is deprecated, use preg_replace_callback instead E:\www\demo\ThinkPHP\Library\Think\Template.class.php 第 419 行.
NOTIC: [8192] preg_replace(): The /e modifier is deprecated, use preg_replace_callback instead E:\www\demo\ThinkPHP\Library\Think\Template.class.php 第 419 行.
NOTIC: [8192] preg_replace(): The /e modifier is deprecated, use preg_replace_callback instead E:\www\demo\ThinkPHP\Library\Think\Template.class.php 第 419 行.
NOTIC: [8192] preg_replace(): The /e modifier is deprecated, use preg_replace_callback instead E:\www\demo\ThinkPHP\Library\Think\Template.class.php 第 419 行.
NOTIC: [8192] preg_replace(): The /e modifier is deprecated, use preg_replace_callback instead E:\www\demo\ThinkPHP\Library\Think\Template.class.php 第 419 行.
NOTIC: [8192] preg_replace(): The /e modifier is deprecated, use preg_replace_callback instead E:\www\demo\ThinkPHP\Library\Think\Template.class.php 第 419 行.
NOTIC: [8192] preg_replace(): The /e modifier is deprecated, use preg_replace_callback instead E:\www\demo\ThinkPHP\Library\Think\Template.class.php 第 419 行.
NOTIC: [8192] preg_replace(): The /e modifier is deprecated, use preg_replace_callback instead E:\www\demo\ThinkPHP\Library\Think\Template.class.php 第 414 行.
NOTIC: [8192] preg_replace(): The /e modifier is deprecated, use preg_replace_callback instead E:\www\demo\ThinkPHP\Library\Think\Template.class.php 第 414 行.
NOTIC: [8192] preg_replace(): The /e modifier is deprecated, use preg_replace_callback instead E:\www\demo\ThinkPHP\Library\Think\Template.class.php 第 414 行.
NOTIC: [8192] preg_replace(): The /e modifier is deprecated, use preg_replace_callback instead E:\www\demo\ThinkPHP\Library\Think\Template.class.php 第 414 行.
NOTIC: [8] Undefined offset: 1 E:\www\demo\ThinkPHP\Library\Think\Template\Taglib\Cx.class.php 第 493 行.
NOTIC: [8] Undefined offset: 1 E:\www\demo\ThinkPHP\Library\Think\Template\Taglib\Cx.class.php 第 493 行.
NOTIC: [8] Undefined offset: 1 E:\www\demo\ThinkPHP\Library\Think\Template\Taglib\Cx.class.php 第 493 行.
NOTIC: [8] Undefined offset: 1 E:\www\demo\ThinkPHP\Library\Think\Template\Taglib\Cx.class.php 第 493 行.
NOTIC: [8] Undefined offset: 1 E:\www\demo\ThinkPHP\Library\Think\Template\Taglib\Cx.class.php 第 493 行.
NOTIC: [8] Undefined offset: 1 E:\www\demo\ThinkPHP\Library\Think\Template\Taglib\Cx.class.php 第 493 行.
NOTIC: [8192] preg_replace(): The /e modifier is deprecated, use preg_replace_callback instead E:\www\demo\ThinkPHP\Library\Think\Template.class.php 第 414 行.
NOTIC: [8192] preg_replace(): The /e modifier is deprecated, use preg_replace_callback instead E:\www\demo\ThinkPHP\Library\Think\Template.class.php 第 414 行.
NOTIC: [8192] preg_replace(): The /e modifier is deprecated, use preg_replace_callback instead E:\www\demo\ThinkPHP\Library\Think\Template.class.php 第 419 行.
NOTIC: [8192] preg_replace(): The /e modifier is deprecated, use preg_replace_callback instead E:\www\demo\ThinkPHP\Library\Think\Template.class.php 第 419 行.
NOTIC: [8192] preg_replace(): The /e modifier is deprecated, use preg_replace_callback instead E:\www\demo\ThinkPHP\Library\Think\Template.class.php 第 419 行.
INFO: [ template_filter ] --START--
INFO: Run ContentReplaceBehavior [ RunTime:0.000000s ]
INFO: [ template_filter ] --END-- [ RunTime:0.000000s ]
INFO: Run ParseTemplateBehavior [ RunTime:0.005000s ]
INFO: [ view_parse ] --END-- [ RunTime:0.005000s ]
INFO: [ view_filter ] --START--
INFO: Run WriteHtmlCacheBehavior [ RunTime:0.000000s ]
INFO: [ view_filter ] --END-- [ RunTime:0.000000s ]
INFO: [ view_end ] --START--
INFO: [ view_end ] --END-- [ RunTime:0.000000s ]
INFO: [ app_end ] --START--
INFO: Run ShowPageTraceBehavior [ RunTime:0.000000s ]
INFO: [ app_end ] --END-- [ RunTime:0.000000s ]

[ 2016-05-25T15:30:00+08:00 ] 127.0.0.1 /demo/index.php?s=/Home/Index/login
INFO: [ app_init ] --START--
INFO: [ app_init ] --END-- [ RunTime:0.000000s ]
INFO: [ path_info ] --START--
INFO: [ path_info ] --END-- [ RunTime:0.000000s ]
NOTIC: [8192] preg_replace(): The /e modifier is deprecated, use preg_replace_callback instead E:\www\demo\ThinkPHP\Library\Think\Dispatcher.class.php 第 175 行.
INFO: [ app_begin ] --START--
INFO: Run Behavior_ReadHtmlCacheBehavior [ RunTime:0.000000s ]
INFO: [ app_begin ] --END-- [ RunTime:0.000000s ]
NOTIC: [8192] preg_replace(): The /e modifier is deprecated, use preg_replace_callback instead E:\www\demo\ThinkPHP\Common\functions.php 第 326 行.
INFO: [ action_begin ] --START--
INFO: [ action_begin ] --END-- [ RunTime:0.000000s ]
INFO: [ view_begin ] --START--
INFO: [ view_begin ] --END-- [ RunTime:0.000000s ]
INFO: [ view_parse ] --START--
NOTIC: [8192] preg_replace(): The /e modifier is deprecated, use preg_replace_callback instead E:\www\demo\ThinkPHP\Library\Think\Template.class.php 第 258 行.
NOTIC: [2] file_get_contents(./Application/Mobile/View/Index/footer_html.html): failed to open stream: No such file or directory E:\www\demo\ThinkPHP\Library\Think\Template.class.php 第 694 行.
NOTIC: [8192] preg_replace(): The /e modifier is deprecated, use preg_replace_callback instead E:\www\demo\ThinkPHP\Library\Think\Template.class.php 第 258 行.
NOTIC: [8192] preg_replace(): The /e modifier is deprecated, use preg_replace_callback instead E:\www\demo\ThinkPHP\Library\Think\Template.class.php 第 419 行.
NOTIC: [8192] preg_replace(): The /e modifier is deprecated, use preg_replace_callback instead E:\www\demo\ThinkPHP\Library\Think\Template.class.php 第 419 行.
NOTIC: [8192] preg_replace(): The /e modifier is deprecated, use preg_replace_callback instead E:\www\demo\ThinkPHP\Library\Think\Template.class.php 第 419 行.
NOTIC: [8192] preg_replace(): The /e modifier is deprecated, use preg_replace_callback instead E:\www\demo\ThinkPHP\Library\Think\Template.class.php 第 419 行.
NOTIC: [8192] preg_replace(): The /e modifier is deprecated, use preg_replace_callback instead E:\www\demo\ThinkPHP\Library\Think\Template.class.php 第 419 行.
NOTIC: [8192] preg_replace(): The /e modifier is deprecated, use preg_replace_callback instead E:\www\demo\ThinkPHP\Library\Think\Template.class.php 第 419 行.
NOTIC: [8192] preg_replace(): The /e modifier is deprecated, use preg_replace_callback instead E:\www\demo\ThinkPHP\Library\Think\Template.class.php 第 419 行.
NOTIC: [8192] preg_replace(): The /e modifier is deprecated, use preg_replace_callback instead E:\www\demo\ThinkPHP\Library\Think\Template.class.php 第 419 行.
NOTIC: [8192] preg_replace(): The /e modifier is deprecated, use preg_replace_callback instead E:\www\demo\ThinkPHP\Library\Think\Template.class.php 第 419 行.
NOTIC: [8192] preg_replace(): The /e modifier is deprecated, use preg_replace_callback instead E:\www\demo\ThinkPHP\Library\Think\Template.class.php 第 419 行.
NOTIC: [8192] preg_replace(): The /e modifier is deprecated, use preg_replace_callback instead E:\www\demo\ThinkPHP\Library\Think\Template.class.php 第 419 行.
NOTIC: [8192] preg_replace(): The /e modifier is deprecated, use preg_replace_callback instead E:\www\demo\ThinkPHP\Library\Think\Template.class.php 第 419 行.
NOTIC: [8192] preg_replace(): The /e modifier is deprecated, use preg_replace_callback instead E:\www\demo\ThinkPHP\Library\Think\Template.class.php 第 414 行.
NOTIC: [8192] preg_replace(): The /e modifier is deprecated, use preg_replace_callback instead E:\www\demo\ThinkPHP\Library\Think\Template.class.php 第 414 行.
NOTIC: [8192] preg_replace(): The /e modifier is deprecated, use preg_replace_callback instead E:\www\demo\ThinkPHP\Library\Think\Template.class.php 第 419 行.
NOTIC: [8192] preg_replace(): The /e modifier is deprecated, use preg_replace_callback instead E:\www\demo\ThinkPHP\Library\Think\Template.class.php 第 419 行.
NOTIC: [8192] preg_replace(): The /e modifier is deprecated, use preg_replace_callback instead E:\www\demo\ThinkPHP\Library\Think\Template.class.php 第 419 行.
NOTIC: [8192] preg_replace(): The /e modifier is deprecated, use preg_replace_callback instead E:\www\demo\ThinkPHP\Library\Think\Template.class.php 第 414 行.
NOTIC: [8192] preg_replace(): The /e modifier is deprecated, use preg_replace_callback instead E:\www\demo\ThinkPHP\Library\Think\Template.class.php 第 419 行.
NOTIC: [8192] preg_replace(): The /e modifier is deprecated, use preg_replace_callback instead E:\www\demo\ThinkPHP\Library\Think\Template.class.php 第 419 行.
NOTIC: [8192] preg_replace(): The /e modifier is deprecated, use preg_replace_callback instead E:\www\demo\ThinkPHP\Library\Think\Template.class.php 第 419 行.
NOTIC: [8192] preg_replace(): The /e modifier is deprecated, use preg_replace_callback instead E:\www\demo\ThinkPHP\Library\Think\Template.class.php 第 419 行.
NOTIC: [8192] preg_replace(): The /e modifier is deprecated, use preg_replace_callback instead E:\www\demo\ThinkPHP\Library\Think\Template.class.php 第 419 行.
NOTIC: [8192] preg_replace(): The /e modifier is deprecated, use preg_replace_callback instead E:\www\demo\ThinkPHP\Library\Think\Template.class.php 第 419 行.
NOTIC: [8192] preg_replace(): The /e modifier is deprecated, use preg_replace_callback instead E:\www\demo\ThinkPHP\Library\Think\Template.class.php 第 419 行.
NOTIC: [8192] preg_replace(): The /e modifier is deprecated, use preg_replace_callback instead E:\www\demo\ThinkPHP\Library\Think\Template.class.php 第 419 行.
NOTIC: [8192] preg_replace(): The /e modifier is deprecated, use preg_replace_callback instead E:\www\demo\ThinkPHP\Library\Think\Template.class.php 第 419 行.
NOTIC: [8192] preg_replace(): The /e modifier is deprecated, use preg_replace_callback instead E:\www\demo\ThinkPHP\Library\Think\Template.class.php 第 419 行.
NOTIC: [8192] preg_replace(): The /e modifier is deprecated, use preg_replace_callback instead E:\www\demo\ThinkPHP\Library\Think\Template.class.php 第 419 行.
NOTIC: [8192] preg_replace(): The /e modifier is deprecated, use preg_replace_callback instead E:\www\demo\ThinkPHP\Library\Think\Template.class.php 第 419 行.
NOTIC: [8192] preg_replace(): The /e modifier is deprecated, use preg_replace_callback instead E:\www\demo\ThinkPHP\Library\Think\Template.class.php 第 419 行.
NOTIC: [8192] preg_replace(): The /e modifier is deprecated, use preg_replace_callback instead E:\www\demo\ThinkPHP\Library\Think\Template.class.php 第 419 行.
NOTIC: [8192] preg_replace(): The /e modifier is deprecated, use preg_replace_callback instead E:\www\demo\ThinkPHP\Library\Think\Template.class.php 第 419 行.
NOTIC: [8192] preg_replace(): The /e modifier is deprecated, use preg_replace_callback instead E:\www\demo\ThinkPHP\Library\Think\Template.class.php 第 419 行.
NOTIC: [8192] preg_replace(): The /e modifier is deprecated, use preg_replace_callback instead E:\www\demo\ThinkPHP\Library\Think\Template.class.php 第 419 行.
NOTIC: [8192] preg_replace(): The /e modifier is deprecated, use preg_replace_callback instead E:\www\demo\ThinkPHP\Library\Think\Template.class.php 第 419 行.
NOTIC: [8192] preg_replace(): The /e modifier is deprecated, use preg_replace_callback instead E:\www\demo\ThinkPHP\Library\Think\Template.class.php 第 419 行.
NOTIC: [8192] preg_replace(): The /e modifier is deprecated, use preg_replace_callback instead E:\www\demo\ThinkPHP\Library\Think\Template.class.php 第 419 行.
NOTIC: [8192] preg_replace(): The /e modifier is deprecated, use preg_replace_callback instead E:\www\demo\ThinkPHP\Library\Think\Template.class.php 第 419 行.
NOTIC: [8192] preg_replace(): The /e modifier is deprecated, use preg_replace_callback instead E:\www\demo\ThinkPHP\Library\Think\Template.class.php 第 419 行.
NOTIC: [8192] preg_replace(): The /e modifier is deprecated, use preg_replace_callback instead E:\www\demo\ThinkPHP\Library\Think\Template.class.php 第 419 行.
NOTIC: [8192] preg_replace(): The /e modifier is deprecated, use preg_replace_callback instead E:\www\demo\ThinkPHP\Library\Think\Template.class.php 第 419 行.
NOTIC: [8192] preg_replace(): The /e modifier is deprecated, use preg_replace_callback instead E:\www\demo\ThinkPHP\Library\Think\Template.class.php 第 419 行.
NOTIC: [8192] preg_replace(): The /e modifier is deprecated, use preg_replace_callback instead E:\www\demo\ThinkPHP\Library\Think\Template.class.php 第 419 行.
NOTIC: [8192] preg_replace(): The /e modifier is deprecated, use preg_replace_callback instead E:\www\demo\ThinkPHP\Library\Think\Template.class.php 第 419 行.
NOTIC: [8192] preg_replace(): The /e modifier is deprecated, use preg_replace_callback instead E:\www\demo\ThinkPHP\Library\Think\Template.class.php 第 419 行.
NOTIC: [8192] preg_replace(): The /e modifier is deprecated, use preg_replace_callback instead E:\www\demo\ThinkPHP\Library\Think\Template.class.php 第 419 行.
NOTIC: [8192] preg_replace(): The /e modifier is deprecated, use preg_replace_callback instead E:\www\demo\ThinkPHP\Library\Think\Template.class.php 第 419 行.
NOTIC: [8192] preg_replace(): The /e modifier is deprecated, use preg_replace_callback instead E:\www\demo\ThinkPHP\Library\Think\Template.class.php 第 419 行.
NOTIC: [8192] preg_replace(): The /e modifier is deprecated, use preg_replace_callback instead E:\www\demo\ThinkPHP\Library\Think\Template.class.php 第 419 行.
NOTIC: [8192] preg_replace(): The /e modifier is deprecated, use preg_replace_callback instead E:\www\demo\ThinkPHP\Library\Think\Template.class.php 第 419 行.
NOTIC: [8192] preg_replace(): The /e modifier is deprecated, use preg_replace_callback instead E:\www\demo\ThinkPHP\Library\Think\Template.class.php 第 419 行.
NOTIC: [8192] preg_replace(): The /e modifier is deprecated, use preg_replace_callback instead E:\www\demo\ThinkPHP\Library\Think\Template.class.php 第 419 行.
NOTIC: [8192] preg_replace(): The /e modifier is deprecated, use preg_replace_callback instead E:\www\demo\ThinkPHP\Library\Think\Template.class.php 第 419 行.
NOTIC: [8192] preg_replace(): The /e modifier is deprecated, use preg_replace_callback instead E:\www\demo\ThinkPHP\Library\Think\Template.class.php 第 419 行.
NOTIC: [8192] preg_replace(): The /e modifier is deprecated, use preg_replace_callback instead E:\www\demo\ThinkPHP\Library\Think\Template.class.php 第 419 行.
NOTIC: [8192] preg_replace(): The /e modifier is deprecated, use preg_replace_callback instead E:\www\demo\ThinkPHP\Library\Think\Template.class.php 第 419 行.
NOTIC: [8192] preg_replace(): The /e modifier is deprecated, use preg_replace_callback instead E:\www\demo\ThinkPHP\Library\Think\Template.class.php 第 419 行.
NOTIC: [8192] preg_replace(): The /e modifier is deprecated, use preg_replace_callback instead E:\www\demo\ThinkPHP\Library\Think\Template.class.php 第 419 行.
NOTIC: [8192] preg_replace(): The /e modifier is deprecated, use preg_replace_callback instead E:\www\demo\ThinkPHP\Library\Think\Template.class.php 第 419 行.
NOTIC: [8192] preg_replace(): The /e modifier is deprecated, use preg_replace_callback instead E:\www\demo\ThinkPHP\Library\Think\Template.class.php 第 419 行.
NOTIC: [8192] preg_replace(): The /e modifier is deprecated, use preg_replace_callback instead E:\www\demo\ThinkPHP\Library\Think\Template.class.php 第 419 行.
NOTIC: [8192] preg_replace(): The /e modifier is deprecated, use preg_replace_callback instead E:\www\demo\ThinkPHP\Library\Think\Template.class.php 第 419 行.
NOTIC: [8192] preg_replace(): The /e modifier is deprecated, use preg_replace_callback instead E:\www\demo\ThinkPHP\Library\Think\Template.class.php 第 419 行.
NOTIC: [8192] preg_replace(): The /e modifier is deprecated, use preg_replace_callback instead E:\www\demo\ThinkPHP\Library\Think\Template.class.php 第 419 行.
NOTIC: [8192] preg_replace(): The /e modifier is deprecated, use preg_replace_callback instead E:\www\demo\ThinkPHP\Library\Think\Template.class.php 第 419 行.
NOTIC: [8192] preg_replace(): The /e modifier is deprecated, use preg_replace_callback instead E:\www\demo\ThinkPHP\Library\Think\Template.class.php 第 419 行.
NOTIC: [8192] preg_replace(): The /e modifier is deprecated, use preg_replace_callback instead E:\www\demo\ThinkPHP\Library\Think\Template.class.php 第 419 行.
NOTIC: [8192] preg_replace(): The /e modifier is deprecated, use preg_replace_callback instead E:\www\demo\ThinkPHP\Library\Think\Template.class.php 第 419 行.
NOTIC: [8192] preg_replace(): The /e modifier is deprecated, use preg_replace_callback instead E:\www\demo\ThinkPHP\Library\Think\Template.class.php 第 419 行.
NOTIC: [8192] preg_replace(): The /e modifier is deprecated, use preg_replace_callback instead E:\www\demo\ThinkPHP\Library\Think\Template.class.php 第 419 行.
NOTIC: [8192] preg_replace(): The /e modifier is deprecated, use preg_replace_callback instead E:\www\demo\ThinkPHP\Library\Think\Template.class.php 第 419 行.
NOTIC: [8192] preg_replace(): The /e modifier is deprecated, use preg_replace_callback instead E:\www\demo\ThinkPHP\Library\Think\Template.class.php 第 419 行.
NOTIC: [8192] preg_replace(): The /e modifier is deprecated, use preg_replace_callback instead E:\www\demo\ThinkPHP\Library\Think\Template.class.php 第 419 行.
NOTIC: [8192] preg_replace(): The /e modifier is deprecated, use preg_replace_callback instead E:\www\demo\ThinkPHP\Library\Think\Template.class.php 第 419 行.
NOTIC: [8192] preg_replace(): The /e modifier is deprecated, use preg_replace_callback instead E:\www\demo\ThinkPHP\Library\Think\Template.class.php 第 419 行.
NOTIC: [8192] preg_replace(): The /e modifier is deprecated, use preg_replace_callback instead E:\www\demo\ThinkPHP\Library\Think\Template.class.php 第 419 行.
NOTIC: [8192] preg_replace(): The /e modifier is deprecated, use preg_replace_callback instead E:\www\demo\ThinkPHP\Library\Think\Template.class.php 第 419 行.
NOTIC: [8192] preg_replace(): The /e modifier is deprecated, use preg_replace_callback instead E:\www\demo\ThinkPHP\Library\Think\Template.class.php 第 419 行.
NOTIC: [8192] preg_replace(): The /e modifier is deprecated, use preg_replace_callback instead E:\www\demo\ThinkPHP\Library\Think\Template.class.php 第 419 行.
NOTIC: [8192] preg_replace(): The /e modifier is deprecated, use preg_replace_callback instead E:\www\demo\ThinkPHP\Library\Think\Template.class.php 第 419 行.
NOTIC: [8192] preg_replace(): The /e modifier is deprecated, use preg_replace_callback instead E:\www\demo\ThinkPHP\Library\Think\Template.class.php 第 419 行.
NOTIC: [8192] preg_replace(): The /e modifier is deprecated, use preg_replace_callback instead E:\www\demo\ThinkPHP\Library\Think\Template.class.php 第 419 行.
NOTIC: [8192] preg_replace(): The /e modifier is deprecated, use preg_replace_callback instead E:\www\demo\ThinkPHP\Library\Think\Template.class.php 第 419 行.
NOTIC: [8192] preg_replace(): The /e modifier is deprecated, use preg_replace_callback instead E:\www\demo\ThinkPHP\Library\Think\Template.class.php 第 414 行.
NOTIC: [8192] preg_replace(): The /e modifier is deprecated, use preg_replace_callback instead E:\www\demo\ThinkPHP\Library\Think\Template.class.php 第 414 行.
NOTIC: [8192] preg_replace(): The /e modifier is deprecated, use preg_replace_callback instead E:\www\demo\ThinkPHP\Library\Think\Template.class.php 第 414 行.
NOTIC: [8192] preg_replace(): The /e modifier is deprecated, use preg_replace_callback instead E:\www\demo\ThinkPHP\Library\Think\Template.class.php 第 414 行.
NOTIC: [8] Undefined offset: 1 E:\www\demo\ThinkPHP\Library\Think\Template\Taglib\Cx.class.php 第 493 行.
NOTIC: [8] Undefined offset: 1 E:\www\demo\ThinkPHP\Library\Think\Template\Taglib\Cx.class.php 第 493 行.
NOTIC: [8] Undefined offset: 1 E:\www\demo\ThinkPHP\Library\Think\Template\Taglib\Cx.class.php 第 493 行.
NOTIC: [8] Undefined offset: 1 E:\www\demo\ThinkPHP\Library\Think\Template\Taglib\Cx.class.php 第 493 行.
NOTIC: [8] Undefined offset: 1 E:\www\demo\ThinkPHP\Library\Think\Template\Taglib\Cx.class.php 第 493 行.
NOTIC: [8] Undefined offset: 1 E:\www\demo\ThinkPHP\Library\Think\Template\Taglib\Cx.class.php 第 493 行.
NOTIC: [8192] preg_replace(): The /e modifier is deprecated, use preg_replace_callback instead E:\www\demo\ThinkPHP\Library\Think\Template.class.php 第 414 行.
NOTIC: [8192] preg_replace(): The /e modifier is deprecated, use preg_replace_callback instead E:\www\demo\ThinkPHP\Library\Think\Template.class.php 第 414 行.
NOTIC: [8192] preg_replace(): The /e modifier is deprecated, use preg_replace_callback instead E:\www\demo\ThinkPHP\Library\Think\Template.class.php 第 419 行.
NOTIC: [8192] preg_replace(): The /e modifier is deprecated, use preg_replace_callback instead E:\www\demo\ThinkPHP\Library\Think\Template.class.php 第 419 行.
NOTIC: [8192] preg_replace(): The /e modifier is deprecated, use preg_replace_callback instead E:\www\demo\ThinkPHP\Library\Think\Template.class.php 第 419 行.
INFO: [ template_filter ] --START--
INFO: Run ContentReplaceBehavior [ RunTime:0.001000s ]
INFO: [ template_filter ] --END-- [ RunTime:0.001000s ]
INFO: Run ParseTemplateBehavior [ RunTime:0.007000s ]
INFO: [ view_parse ] --END-- [ RunTime:0.007000s ]
INFO: [ view_filter ] --START--
INFO: Run WriteHtmlCacheBehavior [ RunTime:0.000000s ]
INFO: [ view_filter ] --END-- [ RunTime:0.000000s ]
INFO: [ view_end ] --START--
INFO: [ view_end ] --END-- [ RunTime:0.000000s ]
INFO: [ app_end ] --START--
INFO: Run ShowPageTraceBehavior [ RunTime:0.000000s ]
INFO: [ app_end ] --END-- [ RunTime:0.000000s ]

