[ 2016-05-23T17:20:11+08:00 ] 127.0.0.1 /demo/Home/Order/index
INFO: [ app_init ] --START--
INFO: [ app_init ] --END-- [ RunTime:0.000000s ]
INFO: [ path_info ] --START--
INFO: [ path_info ] --END-- [ RunTime:0.000000s ]
NOTIC: [8192] preg_replace(): The /e modifier is deprecated, use preg_replace_callback instead E:\www\demo\ThinkPHP\Library\Think\Dispatcher.class.php 第 175 行.
INFO: [ app_begin ] --START--
INFO: Run Behavior_ReadHtmlCacheBehavior [ RunTime:0.001001s ]
INFO: [ app_begin ] --END-- [ RunTime:0.001001s ]
NOTIC: [8192] preg_replace(): The /e modifier is deprecated, use preg_replace_callback instead E:\www\demo\ThinkPHP\Common\functions.php 第 326 行.
INFO: [ action_begin ] --START--
INFO: [ action_begin ] --END-- [ RunTime:0.000000s ]
NOTIC: [8192] mysql_connect(): The mysql extension is deprecated and will be removed in the future: use mysqli or PDO instead E:\www\demo\ThinkPHP\Library\Think\Db\Driver\Mysql.class.php 第 50 行.
SQL: SHOW COLUMNS FROM `yes_order` [ RunTime:0.002000s ]
NOTIC: [8] Undefined variable: where E:\www\demo\Application\Home\Controller\OrderController.class.php 第 33 行.
NOTIC: [8192] preg_replace(): The /e modifier is deprecated, use preg_replace_callback instead E:\www\demo\ThinkPHP\Library\Think\Db.class.php 第 401 行.
SQL: SELECT COUNT(*) AS tp_count FROM `yes_order` LIMIT 1   [ RunTime:0.000000s ]
NOTIC: [8192] preg_replace(): The /e modifier is deprecated, use preg_replace_callback instead E:\www\demo\ThinkPHP\Library\Think\Db.class.php 第 401 行.
NOTIC: [8192] preg_replace(): The /e modifier is deprecated, use preg_replace_callback instead E:\www\demo\ThinkPHP\Library\Think\Db.class.php 第 597 行.
SQL: SELECT yes_order.*,yes_app.nickname,yes_app.phone,yes_coupon.coupon_type,yes_coupon.coupon_price,yes_coupon.state,d.state as hongbao_state,yes_project.project_name FROM `yes_order` left join yes_app on yes_app.id=yes_order.app_id left join yes_coupon on yes_coupon.order_code=yes_order.order_code left join yes_project on yes_project.id=yes_order.project_id left join yes_coupon d on d.app_id=yes_order.app_id and d.coupon_type='2' GROUP BY yes_order.id ORDER BY yes_order.create_time desc LIMIT 0,20   [ RunTime:0.000000s ]
INFO: [ view_begin ] --START--
INFO: [ view_begin ] --END-- [ RunTime:0.000000s ]
INFO: [ view_parse ] --START--
NOTIC: [8192] preg_replace(): The /e modifier is deprecated, use preg_replace_callback instead E:\www\demo\ThinkPHP\Library\Think\Template.class.php 第 258 行.
NOTIC: [8192] preg_replace(): The /e modifier is deprecated, use preg_replace_callback instead E:\www\demo\ThinkPHP\Library\Think\Template.class.php 第 258 行.
NOTIC: [8192] preg_replace(): The /e modifier is deprecated, use preg_replace_callback instead E:\www\demo\ThinkPHP\Library\Think\Template.class.php 第 419 行.
NOTIC: [8192] preg_replace(): The /e modifier is deprecated, use preg_replace_callback instead E:\www\demo\ThinkPHP\Library\Think\Template.class.php 第 419 行.
NOTIC: [8192] preg_replace(): The /e modifier is deprecated, use preg_replace_callback instead E:\www\demo\ThinkPHP\Library\Think\Template.class.php 第 419 行.
NOTIC: [8192] preg_replace(): The /e modifier is deprecated, use preg_replace_callback instead E:\www\demo\ThinkPHP\Library\Think\Template.class.php 第 419 行.
NOTIC: [8192] preg_replace(): The /e modifier is deprecated, use preg_replace_callback instead E:\www\demo\ThinkPHP\Library\Think\Template.class.php 第 419 行.
NOTIC: [8192] preg_replace(): The /e modifier is deprecated, use preg_replace_callback instead E:\www\demo\ThinkPHP\Library\Think\Template.class.php 第 419 行.
NOTIC: [8192] preg_replace(): The /e modifier is deprecated, use preg_replace_callback instead E:\www\demo\ThinkPHP\Library\Think\Template.class.php 第 419 行.
NOTIC: [8192] preg_replace(): The /e modifier is deprecated, use preg_replace_callback instead E:\www\demo\ThinkPHP\Library\Think\Template.class.php 第 419 行.
NOTIC: [8192] preg_replace(): The /e modifier is deprecated, use preg_replace_callback instead E:\www\demo\ThinkPHP\Library\Think\Template.class.php 第 258 行.
NOTIC: [8192] preg_replace(): The /e modifier is deprecated, use preg_replace_callback instead E:\www\demo\ThinkPHP\Library\Think\Template.class.php 第 419 行.
NOTIC: [8192] preg_replace(): The /e modifier is deprecated, use preg_replace_callback instead E:\www\demo\ThinkPHP\Library\Think\Template.class.php 第 419 行.
NOTIC: [8192] preg_replace(): The /e modifier is deprecated, use preg_replace_callback instead E:\www\demo\ThinkPHP\Library\Think\Template.class.php 第 419 行.
NOTIC: [8192] preg_replace(): The /e modifier is deprecated, use preg_replace_callback instead E:\www\demo\ThinkPHP\Library\Think\Template.class.php 第 419 行.
NOTIC: [8192] preg_replace(): The /e modifier is deprecated, use preg_replace_callback instead E:\www\demo\ThinkPHP\Library\Think\Template.class.php 第 419 行.
NOTIC: [8192] preg_replace(): The /e modifier is deprecated, use preg_replace_callback instead E:\www\demo\ThinkPHP\Library\Think\Template.class.php 第 419 行.
NOTIC: [8192] preg_replace(): The /e modifier is deprecated, use preg_replace_callback instead E:\www\demo\ThinkPHP\Library\Think\Template.class.php 第 419 行.
NOTIC: [8192] preg_replace(): The /e modifier is deprecated, use preg_replace_callback instead E:\www\demo\ThinkPHP\Library\Think\Template.class.php 第 419 行.
NOTIC: [8192] preg_replace(): The /e modifier is deprecated, use preg_replace_callback instead E:\www\demo\ThinkPHP\Library\Think\Template.class.php 第 419 行.
NOTIC: [8192] preg_replace(): The /e modifier is deprecated, use preg_replace_callback instead E:\www\demo\ThinkPHP\Library\Think\Template.class.php 第 419 行.
NOTIC: [8192] preg_replace(): The /e modifier is deprecated, use preg_replace_callback instead E:\www\demo\ThinkPHP\Library\Think\Template.class.php 第 419 行.
NOTIC: [8192] preg_replace(): The /e modifier is deprecated, use preg_replace_callback instead E:\www\demo\ThinkPHP\Library\Think\Template.class.php 第 419 行.
NOTIC: [8192] preg_replace(): The /e modifier is deprecated, use preg_replace_callback instead E:\www\demo\ThinkPHP\Library\Think\Template.class.php 第 414 行.
NOTIC: [8192] preg_replace(): The /e modifier is deprecated, use preg_replace_callback instead E:\www\demo\ThinkPHP\Library\Think\Template.class.php 第 414 行.
NOTIC: [8192] preg_replace(): The /e modifier is deprecated, use preg_replace_callback instead E:\www\demo\ThinkPHP\Library\Think\Template.class.php 第 419 行.
NOTIC: [8192] preg_replace(): The /e modifier is deprecated, use preg_replace_callback instead E:\www\demo\ThinkPHP\Library\Think\Template.class.php 第 419 行.
NOTIC: [8192] preg_replace(): The /e modifier is deprecated, use preg_replace_callback instead E:\www\demo\ThinkPHP\Library\Think\Template.class.php 第 419 行.
NOTIC: [8192] preg_replace(): The /e modifier is deprecated, use preg_replace_callback instead E:\www\demo\ThinkPHP\Library\Think\Template.class.php 第 414 行.
NOTIC: [8192] preg_replace(): The /e modifier is deprecated, use preg_replace_callback instead E:\www\demo\ThinkPHP\Library\Think\Template.class.php 第 419 行.
NOTIC: [8192] preg_replace(): The /e modifier is deprecated, use preg_replace_callback instead E:\www\demo\ThinkPHP\Library\Think\Template.class.php 第 419 行.
NOTIC: [8192] preg_replace(): The /e modifier is deprecated, use preg_replace_callback instead E:\www\demo\ThinkPHP\Library\Think\Template.class.php 第 419 行.
NOTIC: [8192] preg_replace(): The /e modifier is deprecated, use preg_replace_callback instead E:\www\demo\ThinkPHP\Library\Think\Template.class.php 第 419 行.
NOTIC: [8192] preg_replace(): The /e modifier is deprecated, use preg_replace_callback instead E:\www\demo\ThinkPHP\Library\Think\Template.class.php 第 419 行.
NOTIC: [8192] preg_replace(): The /e modifier is deprecated, use preg_replace_callback instead E:\www\demo\ThinkPHP\Library\Think\Template.class.php 第 419 行.
NOTIC: [8192] preg_replace(): The /e modifier is deprecated, use preg_replace_callback instead E:\www\demo\ThinkPHP\Library\Think\Template.class.php 第 419 行.
NOTIC: [8192] preg_replace(): The /e modifier is deprecated, use preg_replace_callback instead E:\www\demo\ThinkPHP\Library\Think\Template.class.php 第 419 行.
NOTIC: [8192] preg_replace(): The /e modifier is deprecated, use preg_replace_callback instead E:\www\demo\ThinkPHP\Library\Think\Template.class.php 第 419 行.
NOTIC: [8192] preg_replace(): The /e modifier is deprecated, use preg_replace_callback instead E:\www\demo\ThinkPHP\Library\Think\Template.class.php 第 419 行.
NOTIC: [8192] preg_replace(): The /e modifier is deprecated, use preg_replace_callback instead E:\www\demo\ThinkPHP\Library\Think\Template.class.php 第 419 行.
NOTIC: [8192] preg_replace(): The /e modifier is deprecated, use preg_replace_callback instead E:\www\demo\ThinkPHP\Library\Think\Template.class.php 第 419 行.
NOTIC: [8192] preg_replace(): The /e modifier is deprecated, use preg_replace_callback instead E:\www\demo\ThinkPHP\Library\Think\Template.class.php 第 419 行.
NOTIC: [8192] preg_replace(): The /e modifier is deprecated, use preg_replace_callback instead E:\www\demo\ThinkPHP\Library\Think\Template.class.php 第 419 行.
NOTIC: [8192] preg_replace(): The /e modifier is deprecated, use preg_replace_callback instead E:\www\demo\ThinkPHP\Library\Think\Template.class.php 第 419 行.
NOTIC: [8192] preg_replace(): The /e modifier is deprecated, use preg_replace_callback instead E:\www\demo\ThinkPHP\Library\Think\Template.class.php 第 419 行.
NOTIC: [8192] preg_replace(): The /e modifier is deprecated, use preg_replace_callback instead E:\www\demo\ThinkPHP\Library\Think\Template.class.php 第 419 行.
NOTIC: [8192] preg_replace(): The /e modifier is deprecated, use preg_replace_callback instead E:\www\demo\ThinkPHP\Library\Think\Template.class.php 第 419 行.
NOTIC: [8192] preg_replace(): The /e modifier is deprecated, use preg_replace_callback instead E:\www\demo\ThinkPHP\Library\Think\Template.class.php 第 419 行.
NOTIC: [8192] preg_replace(): The /e modifier is deprecated, use preg_replace_callback instead E:\www\demo\ThinkPHP\Library\Think\Template.class.php 第 419 行.
NOTIC: [8192] preg_replace(): The /e modifier is deprecated, use preg_replace_callback instead E:\www\demo\ThinkPHP\Library\Think\Template.class.php 第 419 行.
NOTIC: [8192] preg_replace(): The /e modifier is deprecated, use preg_replace_callback instead E:\www\demo\ThinkPHP\Library\Think\Template.class.php 第 419 行.
NOTIC: [8192] preg_replace(): The /e modifier is deprecated, use preg_replace_callback instead E:\www\demo\ThinkPHP\Library\Think\Template.class.php 第 419 行.
NOTIC: [8192] preg_replace(): The /e modifier is deprecated, use preg_replace_callback instead E:\www\demo\ThinkPHP\Library\Think\Template.class.php 第 419 行.
NOTIC: [8192] preg_replace(): The /e modifier is deprecated, use preg_replace_callback instead E:\www\demo\ThinkPHP\Library\Think\Template.class.php 第 419 行.
NOTIC: [8192] preg_replace(): The /e modifier is deprecated, use preg_replace_callback instead E:\www\demo\ThinkPHP\Library\Think\Template.class.php 第 419 行.
NOTIC: [8192] preg_replace(): The /e modifier is deprecated, use preg_replace_callback instead E:\www\demo\ThinkPHP\Library\Think\Template.class.php 第 419 行.
NOTIC: [8192] preg_replace(): The /e modifier is deprecated, use preg_replace_callback instead E:\www\demo\ThinkPHP\Library\Think\Template.class.php 第 419 行.
NOTIC: [8192] preg_replace(): The /e modifier is deprecated, use preg_replace_callback instead E:\www\demo\ThinkPHP\Library\Think\Template.class.php 第 419 行.
NOTIC: [8192] preg_replace(): The /e modifier is deprecated, use preg_replace_callback instead E:\www\demo\ThinkPHP\Library\Think\Template.class.php 第 419 行.
NOTIC: [8192] preg_replace(): The /e modifier is deprecated, use preg_replace_callback instead E:\www\demo\ThinkPHP\Library\Think\Template.class.php 第 419 行.
NOTIC: [8192] preg_replace(): The /e modifier is deprecated, use preg_replace_callback instead E:\www\demo\ThinkPHP\Library\Think\Template.class.php 第 419 行.
NOTIC: [8192] preg_replace(): The /e modifier is deprecated, use preg_replace_callback instead E:\www\demo\ThinkPHP\Library\Think\Template.class.php 第 419 行.
NOTIC: [8192] preg_replace(): The /e modifier is deprecated, use preg_replace_callback instead E:\www\demo\ThinkPHP\Library\Think\Template.class.php 第 419 行.
NOTIC: [8192] preg_replace(): The /e modifier is deprecated, use preg_replace_callback instead E:\www\demo\ThinkPHP\Library\Think\Template.class.php 第 419 行.
NOTIC: [8192] preg_replace(): The /e modifier is deprecated, use preg_replace_callback instead E:\www\demo\ThinkPHP\Library\Think\Template.class.php 第 419 行.
NOTIC: [8192] preg_replace(): The /e modifier is deprecated, use preg_replace_callback instead E:\www\demo\ThinkPHP\Library\Think\Template.class.php 第 419 行.
NOTIC: [8192] preg_replace(): The /e modifier is deprecated, use preg_replace_callback instead E:\www\demo\ThinkPHP\Library\Think\Template.class.php 第 419 行.
NOTIC: [8192] preg_replace(): The /e modifier is deprecated, use preg_replace_callback instead E:\www\demo\ThinkPHP\Library\Think\Template.class.php 第 419 行.
NOTIC: [8192] preg_replace(): The /e modifier is deprecated, use preg_replace_callback instead E:\www\demo\ThinkPHP\Library\Think\Template.class.php 第 419 行.
NOTIC: [8192] preg_replace(): The /e modifier is deprecated, use preg_replace_callback instead E:\www\demo\ThinkPHP\Library\Think\Template.class.php 第 419 行.
NOTIC: [8192] preg_replace(): The /e modifier is deprecated, use preg_replace_callback instead E:\www\demo\ThinkPHP\Library\Think\Template.class.php 第 419 行.
NOTIC: [8192] preg_replace(): The /e modifier is deprecated, use preg_replace_callback instead E:\www\demo\ThinkPHP\Library\Think\Template.class.php 第 419 行.
NOTIC: [8192] preg_replace(): The /e modifier is deprecated, use preg_replace_callback instead E:\www\demo\ThinkPHP\Library\Think\Template.class.php 第 419 行.
NOTIC: [8192] preg_replace(): The /e modifier is deprecated, use preg_replace_callback instead E:\www\demo\ThinkPHP\Library\Think\Template.class.php 第 419 行.
NOTIC: [8192] preg_replace(): The /e modifier is deprecated, use preg_replace_callback instead E:\www\demo\ThinkPHP\Library\Think\Template.class.php 第 419 行.
NOTIC: [8192] preg_replace(): The /e modifier is deprecated, use preg_replace_callback instead E:\www\demo\ThinkPHP\Library\Think\Template.class.php 第 419 行.
NOTIC: [8192] preg_replace(): The /e modifier is deprecated, use preg_replace_callback instead E:\www\demo\ThinkPHP\Library\Think\Template.class.php 第 419 行.
NOTIC: [8192] preg_replace(): The /e modifier is deprecated, use preg_replace_callback instead E:\www\demo\ThinkPHP\Library\Think\Template.class.php 第 419 行.
NOTIC: [8192] preg_replace(): The /e modifier is deprecated, use preg_replace_callback instead E:\www\demo\ThinkPHP\Library\Think\Template.class.php 第 419 行.
NOTIC: [8192] preg_replace(): The /e modifier is deprecated, use preg_replace_callback instead E:\www\demo\ThinkPHP\Library\Think\Template.class.php 第 419 行.
NOTIC: [8192] preg_replace(): The /e modifier is deprecated, use preg_replace_callback instead E:\www\demo\ThinkPHP\Library\Think\Template.class.php 第 419 行.
NOTIC: [8192] preg_replace(): The /e modifier is deprecated, use preg_replace_callback instead E:\www\demo\ThinkPHP\Library\Think\Template.class.php 第 419 行.
NOTIC: [8192] preg_replace(): The /e modifier is deprecated, use preg_replace_callback instead E:\www\demo\ThinkPHP\Library\Think\Template.class.php 第 419 行.
NOTIC: [8192] preg_replace(): The /e modifier is deprecated, use preg_replace_callback instead E:\www\demo\ThinkPHP\Library\Think\Template.class.php 第 419 行.
NOTIC: [8192] preg_replace(): The /e modifier is deprecated, use preg_replace_callback instead E:\www\demo\ThinkPHP\Library\Think\Template.class.php 第 419 行.
NOTIC: [8192] preg_replace(): The /e modifier is deprecated, use preg_replace_callback instead E:\www\demo\ThinkPHP\Library\Think\Template.class.php 第 419 行.
NOTIC: [8192] preg_replace(): The /e modifier is deprecated, use preg_replace_callback instead E:\www\demo\ThinkPHP\Library\Think\Template.class.php 第 419 行.
NOTIC: [8192] preg_replace(): The /e modifier is deprecated, use preg_replace_callback instead E:\www\demo\ThinkPHP\Library\Think\Template.class.php 第 419 行.
NOTIC: [8192] preg_replace(): The /e modifier is deprecated, use preg_replace_callback instead E:\www\demo\ThinkPHP\Library\Think\Template.class.php 第 419 行.
NOTIC: [8192] preg_replace(): The /e modifier is deprecated, use preg_replace_callback instead E:\www\demo\ThinkPHP\Library\Think\Template.class.php 第 419 行.
NOTIC: [8192] preg_replace(): The /e modifier is deprecated, use preg_replace_callback instead E:\www\demo\ThinkPHP\Library\Think\Template.class.php 第 419 行.
NOTIC: [8192] preg_replace(): The /e modifier is deprecated, use preg_replace_callback instead E:\www\demo\ThinkPHP\Library\Think\Template.class.php 第 419 行.
NOTIC: [8192] preg_replace(): The /e modifier is deprecated, use preg_replace_callback instead E:\www\demo\ThinkPHP\Library\Think\Template.class.php 第 419 行.
NOTIC: [8192] preg_replace(): The /e modifier is deprecated, use preg_replace_callback instead E:\www\demo\ThinkPHP\Library\Think\Template.class.php 第 419 行.
NOTIC: [8192] preg_replace(): The /e modifier is deprecated, use preg_replace_callback instead E:\www\demo\ThinkPHP\Library\Think\Template.class.php 第 419 行.
NOTIC: [8192] preg_replace(): The /e modifier is deprecated, use preg_replace_callback instead E:\www\demo\ThinkPHP\Library\Think\Template.class.php 第 414 行.
NOTIC: [8192] preg_replace(): The /e modifier is deprecated, use preg_replace_callback instead E:\www\demo\ThinkPHP\Library\Think\Template.class.php 第 414 行.
NOTIC: [8192] preg_replace(): The /e modifier is deprecated, use preg_replace_callback instead E:\www\demo\ThinkPHP\Library\Think\Template.class.php 第 414 行.
NOTIC: [8192] preg_replace(): The /e modifier is deprecated, use preg_replace_callback instead E:\www\demo\ThinkPHP\Library\Think\Template.class.php 第 414 行.
NOTIC: [8192] preg_replace(): The /e modifier is deprecated, use preg_replace_callback instead E:\www\demo\ThinkPHP\Library\Think\Template.class.php 第 414 行.
NOTIC: [8192] preg_replace(): The /e modifier is deprecated, use preg_replace_callback instead E:\www\demo\ThinkPHP\Library\Think\Template.class.php 第 414 行.
NOTIC: [8192] preg_replace(): The /e modifier is deprecated, use preg_replace_callback instead E:\www\demo\ThinkPHP\Library\Think\Template.class.php 第 419 行.
NOTIC: [8192] preg_replace(): The /e modifier is deprecated, use preg_replace_callback instead E:\www\demo\ThinkPHP\Library\Think\Template.class.php 第 419 行.
NOTIC: [8192] preg_replace(): The /e modifier is deprecated, use preg_replace_callback instead E:\www\demo\ThinkPHP\Library\Think\Template.class.php 第 419 行.
NOTIC: [8192] preg_replace(): The /e modifier is deprecated, use preg_replace_callback instead E:\www\demo\ThinkPHP\Library\Think\Template.class.php 第 419 行.
NOTIC: [8192] preg_replace(): The /e modifier is deprecated, use preg_replace_callback instead E:\www\demo\ThinkPHP\Library\Think\Template.class.php 第 419 行.
NOTIC: [8192] preg_replace(): The /e modifier is deprecated, use preg_replace_callback instead E:\www\demo\ThinkPHP\Library\Think\Template.class.php 第 419 行.
NOTIC: [8192] preg_replace(): The /e modifier is deprecated, use preg_replace_callback instead E:\www\demo\ThinkPHP\Library\Think\Template.class.php 第 419 行.
NOTIC: [8192] preg_replace(): The /e modifier is deprecated, use preg_replace_callback instead E:\www\demo\ThinkPHP\Library\Think\Template.class.php 第 414 行.
NOTIC: [8192] preg_replace(): The /e modifier is deprecated, use preg_replace_callback instead E:\www\demo\ThinkPHP\Library\Think\Template.class.php 第 414 行.
NOTIC: [8192] preg_replace(): The /e modifier is deprecated, use preg_replace_callback instead E:\www\demo\ThinkPHP\Library\Think\Template.class.php 第 419 行.
NOTIC: [8192] preg_replace(): The /e modifier is deprecated, use preg_replace_callback instead E:\www\demo\ThinkPHP\Library\Think\Template.class.php 第 419 行.
NOTIC: [8192] preg_replace(): The /e modifier is deprecated, use preg_replace_callback instead E:\www\demo\ThinkPHP\Library\Think\Template.class.php 第 419 行.
NOTIC: [8192] preg_replace(): The /e modifier is deprecated, use preg_replace_callback instead E:\www\demo\ThinkPHP\Library\Think\Template.class.php 第 414 行.
NOTIC: [8192] preg_replace(): The /e modifier is deprecated, use preg_replace_callback instead E:\www\demo\ThinkPHP\Library\Think\Template.class.php 第 419 行.
NOTIC: [8192] preg_replace(): The /e modifier is deprecated, use preg_replace_callback instead E:\www\demo\ThinkPHP\Library\Think\Template.class.php 第 419 行.
NOTIC: [8192] preg_replace(): The /e modifier is deprecated, use preg_replace_callback instead E:\www\demo\ThinkPHP\Library\Think\Template.class.php 第 419 行.
NOTIC: [8192] preg_replace(): The /e modifier is deprecated, use preg_replace_callback instead E:\www\demo\ThinkPHP\Library\Think\Template.class.php 第 419 行.
NOTIC: [8192] preg_replace(): The /e modifier is deprecated, use preg_replace_callback instead E:\www\demo\ThinkPHP\Library\Think\Template.class.php 第 419 行.
NOTIC: [8192] preg_replace(): The /e modifier is deprecated, use preg_replace_callback instead E:\www\demo\ThinkPHP\Library\Think\Template.class.php 第 419 行.
NOTIC: [8192] preg_replace(): The /e modifier is deprecated, use preg_replace_callback instead E:\www\demo\ThinkPHP\Library\Think\Template.class.php 第 419 行.
NOTIC: [8192] preg_replace(): The /e modifier is deprecated, use preg_replace_callback instead E:\www\demo\ThinkPHP\Library\Think\Template.class.php 第 419 行.
NOTIC: [8192] preg_replace(): The /e modifier is deprecated, use preg_replace_callback instead E:\www\demo\ThinkPHP\Library\Think\Template.class.php 第 419 行.
NOTIC: [8192] preg_replace(): The /e modifier is deprecated, use preg_replace_callback instead E:\www\demo\ThinkPHP\Library\Think\Template.class.php 第 419 行.
NOTIC: [8192] preg_replace(): The /e modifier is deprecated, use preg_replace_callback instead E:\www\demo\ThinkPHP\Library\Think\Template.class.php 第 419 行.
NOTIC: [8192] preg_replace(): The /e modifier is deprecated, use preg_replace_callback instead E:\www\demo\ThinkPHP\Library\Think\Template.class.php 第 419 行.
NOTIC: [8192] preg_replace(): The /e modifier is deprecated, use preg_replace_callback instead E:\www\demo\ThinkPHP\Library\Think\Template.class.php 第 419 行.
NOTIC: [8192] preg_replace(): The /e modifier is deprecated, use preg_replace_callback instead E:\www\demo\ThinkPHP\Library\Think\Template.class.php 第 419 行.
NOTIC: [8192] preg_replace(): The /e modifier is deprecated, use preg_replace_callback instead E:\www\demo\ThinkPHP\Library\Think\Template.class.php 第 419 行.
NOTIC: [8192] preg_replace(): The /e modifier is deprecated, use preg_replace_callback instead E:\www\demo\ThinkPHP\Library\Think\Template.class.php 第 419 行.
NOTIC: [8192] preg_replace(): The /e modifier is deprecated, use preg_replace_callback instead E:\www\demo\ThinkPHP\Library\Think\Template.class.php 第 419 行.
NOTIC: [8192] preg_replace(): The /e modifier is deprecated, use preg_replace_callback instead E:\www\demo\ThinkPHP\Library\Think\Template.class.php 第 419 行.
NOTIC: [8192] preg_replace(): The /e modifier is deprecated, use preg_replace_callback instead E:\www\demo\ThinkPHP\Library\Think\Template.class.php 第 419 行.
NOTIC: [8192] preg_replace(): The /e modifier is deprecated, use preg_replace_callback instead E:\www\demo\ThinkPHP\Library\Think\Template.class.php 第 419 行.
NOTIC: [8192] preg_replace(): The /e modifier is deprecated, use preg_replace_callback instead E:\www\demo\ThinkPHP\Library\Think\Template.class.php 第 419 行.
NOTIC: [8192] preg_replace(): The /e modifier is deprecated, use preg_replace_callback instead E:\www\demo\ThinkPHP\Library\Think\Template.class.php 第 419 行.
NOTIC: [8192] preg_replace(): The /e modifier is deprecated, use preg_replace_callback instead E:\www\demo\ThinkPHP\Library\Think\Template.class.php 第 419 行.
NOTIC: [8192] preg_replace(): The /e modifier is deprecated, use preg_replace_callback instead E:\www\demo\ThinkPHP\Library\Think\Template.class.php 第 419 行.
NOTIC: [8192] preg_replace(): The /e modifier is deprecated, use preg_replace_callback instead E:\www\demo\ThinkPHP\Library\Think\Template.class.php 第 419 行.
NOTIC: [8192] preg_replace(): The /e modifier is deprecated, use preg_replace_callback instead E:\www\demo\ThinkPHP\Library\Think\Template.class.php 第 419 行.
NOTIC: [8192] preg_replace(): The /e modifier is deprecated, use preg_replace_callback instead E:\www\demo\ThinkPHP\Library\Think\Template.class.php 第 419 行.
NOTIC: [8192] preg_replace(): The /e modifier is deprecated, use preg_replace_callback instead E:\www\demo\ThinkPHP\Library\Think\Template.class.php 第 419 行.
NOTIC: [8192] preg_replace(): The /e modifier is deprecated, use preg_replace_callback instead E:\www\demo\ThinkPHP\Library\Think\Template.class.php 第 419 行.
NOTIC: [8192] preg_replace(): The /e modifier is deprecated, use preg_replace_callback instead E:\www\demo\ThinkPHP\Library\Think\Template.class.php 第 419 行.
NOTIC: [8192] preg_replace(): The /e modifier is deprecated, use preg_replace_callback instead E:\www\demo\ThinkPHP\Library\Think\Template.class.php 第 419 行.
NOTIC: [8192] preg_replace(): The /e modifier is deprecated, use preg_replace_callback instead E:\www\demo\ThinkPHP\Library\Think\Template.class.php 第 419 行.
NOTIC: [8192] preg_replace(): The /e modifier is deprecated, use preg_replace_callback instead E:\www\demo\ThinkPHP\Library\Think\Template.class.php 第 419 行.
NOTIC: [8192] preg_replace(): The /e modifier is deprecated, use preg_replace_callback instead E:\www\demo\ThinkPHP\Library\Think\Template.class.php 第 419 行.
NOTIC: [8192] preg_replace(): The /e modifier is deprecated, use preg_replace_callback instead E:\www\demo\ThinkPHP\Library\Think\Template.class.php 第 419 行.
NOTIC: [8192] preg_replace(): The /e modifier is deprecated, use preg_replace_callback instead E:\www\demo\ThinkPHP\Library\Think\Template.class.php 第 419 行.
NOTIC: [8192] preg_replace(): The /e modifier is deprecated, use preg_replace_callback instead E:\www\demo\ThinkPHP\Library\Think\Template.class.php 第 419 行.
NOTIC: [8192] preg_replace(): The /e modifier is deprecated, use preg_replace_callback instead E:\www\demo\ThinkPHP\Library\Think\Template.class.php 第 419 行.
NOTIC: [8192] preg_replace(): The /e modifier is deprecated, use preg_replace_callback instead E:\www\demo\ThinkPHP\Library\Think\Template.class.php 第 419 行.
NOTIC: [8192] preg_replace(): The /e modifier is deprecated, use preg_replace_callback instead E:\www\demo\ThinkPHP\Library\Think\Template.class.php 第 419 行.
NOTIC: [8192] preg_replace(): The /e modifier is deprecated, use preg_replace_callback instead E:\www\demo\ThinkPHP\Library\Think\Template.class.php 第 419 行.
NOTIC: [8192] preg_replace(): The /e modifier is deprecated, use preg_replace_callback instead E:\www\demo\ThinkPHP\Library\Think\Template.class.php 第 419 行.
NOTIC: [8192] preg_replace(): The /e modifier is deprecated, use preg_replace_callback instead E:\www\demo\ThinkPHP\Library\Think\Template.class.php 第 419 行.
NOTIC: [8192] preg_replace(): The /e modifier is deprecated, use preg_replace_callback instead E:\www\demo\ThinkPHP\Library\Think\Template.class.php 第 419 行.
NOTIC: [8192] preg_replace(): The /e modifier is deprecated, use preg_replace_callback instead E:\www\demo\ThinkPHP\Library\Think\Template.class.php 第 419 行.
NOTIC: [8192] preg_replace(): The /e modifier is deprecated, use preg_replace_callback instead E:\www\demo\ThinkPHP\Library\Think\Template.class.php 第 419 行.
NOTIC: [8192] preg_replace(): The /e modifier is deprecated, use preg_replace_callback instead E:\www\demo\ThinkPHP\Library\Think\Template.class.php 第 419 行.
NOTIC: [8192] preg_replace(): The /e modifier is deprecated, use preg_replace_callback instead E:\www\demo\ThinkPHP\Library\Think\Template.class.php 第 419 行.
NOTIC: [8192] preg_replace(): The /e modifier is deprecated, use preg_replace_callback instead E:\www\demo\ThinkPHP\Library\Think\Template.class.php 第 419 行.
NOTIC: [8192] preg_replace(): The /e modifier is deprecated, use preg_replace_callback instead E:\www\demo\ThinkPHP\Library\Think\Template.class.php 第 419 行.
NOTIC: [8192] preg_replace(): The /e modifier is deprecated, use preg_replace_callback instead E:\www\demo\ThinkPHP\Library\Think\Template.class.php 第 419 行.
NOTIC: [8192] preg_replace(): The /e modifier is deprecated, use preg_replace_callback instead E:\www\demo\ThinkPHP\Library\Think\Template.class.php 第 419 行.
NOTIC: [8192] preg_replace(): The /e modifier is deprecated, use preg_replace_callback instead E:\www\demo\ThinkPHP\Library\Think\Template.class.php 第 419 行.
NOTIC: [8192] preg_replace(): The /e modifier is deprecated, use preg_replace_callback instead E:\www\demo\ThinkPHP\Library\Think\Template.class.php 第 419 行.
NOTIC: [8192] preg_replace(): The /e modifier is deprecated, use preg_replace_callback instead E:\www\demo\ThinkPHP\Library\Think\Template.class.php 第 419 行.
NOTIC: [8192] preg_replace(): The /e modifier is deprecated, use preg_replace_callback instead E:\www\demo\ThinkPHP\Library\Think\Template.class.php 第 419 行.
NOTIC: [8192] preg_replace(): The /e modifier is deprecated, use preg_replace_callback instead E:\www\demo\ThinkPHP\Library\Think\Template.class.php 第 419 行.
NOTIC: [8192] preg_replace(): The /e modifier is deprecated, use preg_replace_callback instead E:\www\demo\ThinkPHP\Library\Think\Template.class.php 第 419 行.
NOTIC: [8192] preg_replace(): The /e modifier is deprecated, use preg_replace_callback instead E:\www\demo\ThinkPHP\Library\Think\Template.class.php 第 419 行.
NOTIC: [8192] preg_replace(): The /e modifier is deprecated, use preg_replace_callback instead E:\www\demo\ThinkPHP\Library\Think\Template.class.php 第 419 行.
NOTIC: [8192] preg_replace(): The /e modifier is deprecated, use preg_replace_callback instead E:\www\demo\ThinkPHP\Library\Think\Template.class.php 第 419 行.
NOTIC: [8192] preg_replace(): The /e modifier is deprecated, use preg_replace_callback instead E:\www\demo\ThinkPHP\Library\Think\Template.class.php 第 419 行.
NOTIC: [8192] preg_replace(): The /e modifier is deprecated, use preg_replace_callback instead E:\www\demo\ThinkPHP\Library\Think\Template.class.php 第 419 行.
NOTIC: [8192] preg_replace(): The /e modifier is deprecated, use preg_replace_callback instead E:\www\demo\ThinkPHP\Library\Think\Template.class.php 第 419 行.
NOTIC: [8192] preg_replace(): The /e modifier is deprecated, use preg_replace_callback instead E:\www\demo\ThinkPHP\Library\Think\Template.class.php 第 419 行.
NOTIC: [8192] preg_replace(): The /e modifier is deprecated, use preg_replace_callback instead E:\www\demo\ThinkPHP\Library\Think\Template.class.php 第 419 行.
NOTIC: [8192] preg_replace(): The /e modifier is deprecated, use preg_replace_callback instead E:\www\demo\ThinkPHP\Library\Think\Template.class.php 第 414 行.
NOTIC: [8192] preg_replace(): The /e modifier is deprecated, use preg_replace_callback instead E:\www\demo\ThinkPHP\Library\Think\Template.class.php 第 414 行.
NOTIC: [8192] preg_replace(): The /e modifier is deprecated, use preg_replace_callback instead E:\www\demo\ThinkPHP\Library\Think\Template.class.php 第 414 行.
NOTIC: [8192] preg_replace(): The /e modifier is deprecated, use preg_replace_callback instead E:\www\demo\ThinkPHP\Library\Think\Template.class.php 第 414 行.
NOTIC: [8] Undefined offset: 1 E:\www\demo\ThinkPHP\Library\Think\Template\Taglib\Cx.class.php 第 493 行.
NOTIC: [8] Undefined offset: 1 E:\www\demo\ThinkPHP\Library\Think\Template\Taglib\Cx.class.php 第 493 行.
NOTIC: [8] Undefined offset: 1 E:\www\demo\ThinkPHP\Library\Think\Template\Taglib\Cx.class.php 第 493 行.
NOTIC: [8] Undefined offset: 1 E:\www\demo\ThinkPHP\Library\Think\Template\Taglib\Cx.class.php 第 493 行.
NOTIC: [8192] preg_replace(): The /e modifier is deprecated, use preg_replace_callback instead E:\www\demo\ThinkPHP\Library\Think\Template.class.php 第 414 行.
NOTIC: [8192] preg_replace(): The /e modifier is deprecated, use preg_replace_callback instead E:\www\demo\ThinkPHP\Library\Think\Template.class.php 第 414 行.
NOTIC: [8192] preg_replace(): The /e modifier is deprecated, use preg_replace_callback instead E:\www\demo\ThinkPHP\Library\Think\Template.class.php 第 419 行.
NOTIC: [8192] preg_replace(): The /e modifier is deprecated, use preg_replace_callback instead E:\www\demo\ThinkPHP\Library\Think\Template.class.php 第 419 行.
NOTIC: [8192] preg_replace(): The /e modifier is deprecated, use preg_replace_callback instead E:\www\demo\ThinkPHP\Library\Think\Template.class.php 第 419 行.
INFO: [ template_filter ] --START--
INFO: Run ContentReplaceBehavior [ RunTime:0.000000s ]
INFO: [ template_filter ] --END-- [ RunTime:0.000000s ]
NOTIC: [8] Undefined variable: phoneWhere E:\www\demo\Application\Runtime\Cache\Home\c45e99c319b43cab133529f31184f33b.php 第 31 行.
NOTIC: [8] Undefined variable: startWhere E:\www\demo\Application\Runtime\Cache\Home\c45e99c319b43cab133529f31184f33b.php 第 33 行.
NOTIC: [8] Undefined variable: endWhere E:\www\demo\Application\Runtime\Cache\Home\c45e99c319b43cab133529f31184f33b.php 第 34 行.
NOTIC: [8] Undefined variable: startWhere E:\www\demo\Application\Runtime\Cache\Home\c45e99c319b43cab133529f31184f33b.php 第 40 行.
NOTIC: [8] Undefined variable: endWhere E:\www\demo\Application\Runtime\Cache\Home\c45e99c319b43cab133529f31184f33b.php 第 41 行.
NOTIC: [8] Undefined variable: phoneWhere E:\www\demo\Application\Runtime\Cache\Home\c45e99c319b43cab133529f31184f33b.php 第 42 行.
INFO: Run ParseTemplateBehavior [ RunTime:0.008001s ]
INFO: [ view_parse ] --END-- [ RunTime:0.009001s ]
INFO: [ view_filter ] --START--
INFO: Run WriteHtmlCacheBehavior [ RunTime:0.001000s ]
INFO: [ view_filter ] --END-- [ RunTime:0.001000s ]
INFO: [ view_end ] --START--
INFO: [ view_end ] --END-- [ RunTime:0.000000s ]
INFO: [ app_end ] --START--
INFO: Run ShowPageTraceBehavior [ RunTime:0.000000s ]
INFO: [ app_end ] --END-- [ RunTime:0.000000s ]

