[ 2016-06-15T17:50:34+08:00 ] 127.0.0.1 /demo/Home/Coupon/index
INFO: [ app_init ] --START--
INFO: [ app_init ] --END-- [ RunTime:0.000000s ]
INFO: [ path_info ] --START--
INFO: [ path_info ] --END-- [ RunTime:0.000000s ]
NOTIC: [8192] preg_replace(): The /e modifier is deprecated, use preg_replace_callback instead E:\www\demo\ThinkPHP\Library\Think\Dispatcher.class.php 第 175 行.
INFO: [ app_begin ] --START--
INFO: Run Behavior_ReadHtmlCacheBehavior [ RunTime:0.000000s ]
INFO: [ app_begin ] --END-- [ RunTime:0.000000s ]
NOTIC: [8192] preg_replace(): The /e modifier is deprecated, use preg_replace_callback instead E:\www\demo\ThinkPHP\Common\functions.php 第 326 行.
INFO: [ action_begin ] --START--
INFO: [ action_begin ] --END-- [ RunTime:0.000000s ]
NOTIC: [8192] mysql_connect(): The mysql extension is deprecated and will be removed in the future: use mysqli or PDO instead E:\www\demo\ThinkPHP\Library\Think\Db\Driver\Mysql.class.php 第 50 行.
SQL: SHOW COLUMNS FROM `yes_coupon` [ RunTime:0.000000s ]
NOTIC: [8] Undefined variable: where E:\www\demo\Application\Home\Controller\CouponController.class.php 第 36 行.
NOTIC: [8192] preg_replace(): The /e modifier is deprecated, use preg_replace_callback instead E:\www\demo\ThinkPHP\Library\Think\Db.class.php 第 401 行.
SQL: SELECT COUNT(*) AS tp_count FROM `yes_coupon` LIMIT 1   [ RunTime:0.000000s ]
NOTIC: [8192] preg_replace(): The /e modifier is deprecated, use preg_replace_callback instead E:\www\demo\ThinkPHP\Library\Think\Db.class.php 第 401 行.
NOTIC: [8192] preg_replace(): The /e modifier is deprecated, use preg_replace_callback instead E:\www\demo\ThinkPHP\Library\Think\Db.class.php 第 597 行.
SQL: SELECT yes_app.nickname,yes_app.phone,yes_coupon.*,yes_user.name,yes_project.project_name FROM `yes_coupon` left join yes_app on yes_app.id=yes_coupon.app_id left join yes_user on yes_user.id=yes_coupon.veri_id left join yes_project on yes_project.id=yes_coupon.project_id ORDER BY yes_coupon.receive_time desc LIMIT 0,20   [ RunTime:0.000000s ]
INFO: [ view_begin ] --START--
INFO: [ view_begin ] --END-- [ RunTime:0.000000s ]
INFO: [ view_parse ] --START--
NOTIC: [8192] preg_replace(): The /e modifier is deprecated, use preg_replace_callback instead E:\www\demo\ThinkPHP\Library\Think\Template.class.php 第 258 行.
NOTIC: [8192] preg_replace(): The /e modifier is deprecated, use preg_replace_callback instead E:\www\demo\ThinkPHP\Library\Think\Template.class.php 第 258 行.
NOTIC: [8192] preg_replace(): The /e modifier is deprecated, use preg_replace_callback instead E:\www\demo\ThinkPHP\Library\Think\Template.class.php 第 419 行.
NOTIC: [8192] preg_replace(): The /e modifier is deprecated, use preg_replace_callback instead E:\www\demo\ThinkPHP\Library\Think\Template.class.php 第 419 行.
NOTIC: [8192] preg_replace(): The /e modifier is deprecated, use preg_replace_callback instead E:\www\demo\ThinkPHP\Library\Think\Template.class.php 第 419 行.
NOTIC: [8192] preg_replace(): The /e modifier is deprecated, use preg_replace_callback instead E:\www\demo\ThinkPHP\Library\Think\Template.class.php 第 419 行.
NOTIC: [8192] preg_replace(): The /e modifier is deprecated, use preg_replace_callback instead E:\www\demo\ThinkPHP\Library\Think\Template.class.php 第 419 行.
NOTIC: [8192] preg_replace(): The /e modifier is deprecated, use preg_replace_callback instead E:\www\demo\ThinkPHP\Library\Think\Template.class.php 第 419 行.
NOTIC: [8192] preg_replace(): The /e modifier is deprecated, use preg_replace_callback instead E:\www\demo\ThinkPHP\Library\Think\Template.class.php 第 419 行.
NOTIC: [8192] preg_replace(): The /e modifier is deprecated, use preg_replace_callback instead E:\www\demo\ThinkPHP\Library\Think\Template.class.php 第 419 行.
NOTIC: [8192] preg_replace(): The /e modifier is deprecated, use preg_replace_callback instead E:\www\demo\ThinkPHP\Library\Think\Template.class.php 第 258 行.
NOTIC: [8192] preg_replace(): The /e modifier is deprecated, use preg_replace_callback instead E:\www\demo\ThinkPHP\Library\Think\Template.class.php 第 419 行.
NOTIC: [8192] preg_replace(): The /e modifier is deprecated, use preg_replace_callback instead E:\www\demo\ThinkPHP\Library\Think\Template.class.php 第 419 行.
NOTIC: [8192] preg_replace(): The /e modifier is deprecated, use preg_replace_callback instead E:\www\demo\ThinkPHP\Library\Think\Template.class.php 第 419 行.
NOTIC: [8192] preg_replace(): The /e modifier is deprecated, use preg_replace_callback instead E:\www\demo\ThinkPHP\Library\Think\Template.class.php 第 419 行.
NOTIC: [8192] preg_replace(): The /e modifier is deprecated, use preg_replace_callback instead E:\www\demo\ThinkPHP\Library\Think\Template.class.php 第 419 行.
NOTIC: [8192] preg_replace(): The /e modifier is deprecated, use preg_replace_callback instead E:\www\demo\ThinkPHP\Library\Think\Template.class.php 第 419 行.
NOTIC: [8192] preg_replace(): The /e modifier is deprecated, use preg_replace_callback instead E:\www\demo\ThinkPHP\Library\Think\Template.class.php 第 419 行.
NOTIC: [8192] preg_replace(): The /e modifier is deprecated, use preg_replace_callback instead E:\www\demo\ThinkPHP\Library\Think\Template.class.php 第 419 行.
NOTIC: [8192] preg_replace(): The /e modifier is deprecated, use preg_replace_callback instead E:\www\demo\ThinkPHP\Library\Think\Template.class.php 第 419 行.
NOTIC: [8192] preg_replace(): The /e modifier is deprecated, use preg_replace_callback instead E:\www\demo\ThinkPHP\Library\Think\Template.class.php 第 419 行.
NOTIC: [8192] preg_replace(): The /e modifier is deprecated, use preg_replace_callback instead E:\www\demo\ThinkPHP\Library\Think\Template.class.php 第 419 行.
NOTIC: [8192] preg_replace(): The /e modifier is deprecated, use preg_replace_callback instead E:\www\demo\ThinkPHP\Library\Think\Template.class.php 第 419 行.
NOTIC: [8192] preg_replace(): The /e modifier is deprecated, use preg_replace_callback instead E:\www\demo\ThinkPHP\Library\Think\Template.class.php 第 414 行.
NOTIC: [8192] preg_replace(): The /e modifier is deprecated, use preg_replace_callback instead E:\www\demo\ThinkPHP\Library\Think\Template.class.php 第 414 行.
NOTIC: [8192] preg_replace(): The /e modifier is deprecated, use preg_replace_callback instead E:\www\demo\ThinkPHP\Library\Think\Template.class.php 第 419 行.
NOTIC: [8192] preg_replace(): The /e modifier is deprecated, use preg_replace_callback instead E:\www\demo\ThinkPHP\Library\Think\Template.class.php 第 419 行.
NOTIC: [8192] preg_replace(): The /e modifier is deprecated, use preg_replace_callback instead E:\www\demo\ThinkPHP\Library\Think\Template.class.php 第 419 行.
NOTIC: [8192] preg_replace(): The /e modifier is deprecated, use preg_replace_callback instead E:\www\demo\ThinkPHP\Library\Think\Template.class.php 第 414 行.
NOTIC: [8192] preg_replace(): The /e modifier is deprecated, use preg_replace_callback instead E:\www\demo\ThinkPHP\Library\Think\Template.class.php 第 419 行.
NOTIC: [8192] preg_replace(): The /e modifier is deprecated, use preg_replace_callback instead E:\www\demo\ThinkPHP\Library\Think\Template.class.php 第 419 行.
NOTIC: [8192] preg_replace(): The /e modifier is deprecated, use preg_replace_callback instead E:\www\demo\ThinkPHP\Library\Think\Template.class.php 第 419 行.
NOTIC: [8192] preg_replace(): The /e modifier is deprecated, use preg_replace_callback instead E:\www\demo\ThinkPHP\Library\Think\Template.class.php 第 419 行.
NOTIC: [8192] preg_replace(): The /e modifier is deprecated, use preg_replace_callback instead E:\www\demo\ThinkPHP\Library\Think\Template.class.php 第 419 行.
NOTIC: [8192] preg_replace(): The /e modifier is deprecated, use preg_replace_callback instead E:\www\demo\ThinkPHP\Library\Think\Template.class.php 第 419 行.
NOTIC: [8192] preg_replace(): The /e modifier is deprecated, use preg_replace_callback instead E:\www\demo\ThinkPHP\Library\Think\Template.class.php 第 419 行.
NOTIC: [8192] preg_replace(): The /e modifier is deprecated, use preg_replace_callback instead E:\www\demo\ThinkPHP\Library\Think\Template.class.php 第 419 行.
NOTIC: [8192] preg_replace(): The /e modifier is deprecated, use preg_replace_callback instead E:\www\demo\ThinkPHP\Library\Think\Template.class.php 第 419 行.
NOTIC: [8192] preg_replace(): The /e modifier is deprecated, use preg_replace_callback instead E:\www\demo\ThinkPHP\Library\Think\Template.class.php 第 419 行.
NOTIC: [8192] preg_replace(): The /e modifier is deprecated, use preg_replace_callback instead E:\www\demo\ThinkPHP\Library\Think\Template.class.php 第 419 行.
NOTIC: [8192] preg_replace(): The /e modifier is deprecated, use preg_replace_callback instead E:\www\demo\ThinkPHP\Library\Think\Template.class.php 第 419 行.
NOTIC: [8192] preg_replace(): The /e modifier is deprecated, use preg_replace_callback instead E:\www\demo\ThinkPHP\Library\Think\Template.class.php 第 419 行.
NOTIC: [8192] preg_replace(): The /e modifier is deprecated, use preg_replace_callback instead E:\www\demo\ThinkPHP\Library\Think\Template.class.php 第 419 行.
NOTIC: [8192] preg_replace(): The /e modifier is deprecated, use preg_replace_callback instead E:\www\demo\ThinkPHP\Library\Think\Template.class.php 第 419 行.
NOTIC: [8192] preg_replace(): The /e modifier is deprecated, use preg_replace_callback instead E:\www\demo\ThinkPHP\Library\Think\Template.class.php 第 419 行.
NOTIC: [8192] preg_replace(): The /e modifier is deprecated, use preg_replace_callback instead E:\www\demo\ThinkPHP\Library\Think\Template.class.php 第 419 行.
NOTIC: [8192] preg_replace(): The /e modifier is deprecated, use preg_replace_callback instead E:\www\demo\ThinkPHP\Library\Think\Template.class.php 第 419 行.
NOTIC: [8192] preg_replace(): The /e modifier is deprecated, use preg_replace_callback instead E:\www\demo\ThinkPHP\Library\Think\Template.class.php 第 419 行.
NOTIC: [8192] preg_replace(): The /e modifier is deprecated, use preg_replace_callback instead E:\www\demo\ThinkPHP\Library\Think\Template.class.php 第 419 行.
NOTIC: [8192] preg_replace(): The /e modifier is deprecated, use preg_replace_callback instead E:\www\demo\ThinkPHP\Library\Think\Template.class.php 第 419 行.
NOTIC: [8192] preg_replace(): The /e modifier is deprecated, use preg_replace_callback instead E:\www\demo\ThinkPHP\Library\Think\Template.class.php 第 419 行.
NOTIC: [8192] preg_replace(): The /e modifier is deprecated, use preg_replace_callback instead E:\www\demo\ThinkPHP\Library\Think\Template.class.php 第 419 行.
NOTIC: [8192] preg_replace(): The /e modifier is deprecated, use preg_replace_callback instead E:\www\demo\ThinkPHP\Library\Think\Template.class.php 第 419 行.
NOTIC: [8192] preg_replace(): The /e modifier is deprecated, use preg_replace_callback instead E:\www\demo\ThinkPHP\Library\Think\Template.class.php 第 419 行.
NOTIC: [8192] preg_replace(): The /e modifier is deprecated, use preg_replace_callback instead E:\www\demo\ThinkPHP\Library\Think\Template.class.php 第 419 行.
NOTIC: [8192] preg_replace(): The /e modifier is deprecated, use preg_replace_callback instead E:\www\demo\ThinkPHP\Library\Think\Template.class.php 第 419 行.
NOTIC: [8192] preg_replace(): The /e modifier is deprecated, use preg_replace_callback instead E:\www\demo\ThinkPHP\Library\Think\Template.class.php 第 419 行.
NOTIC: [8192] preg_replace(): The /e modifier is deprecated, use preg_replace_callback instead E:\www\demo\ThinkPHP\Library\Think\Template.class.php 第 419 行.
NOTIC: [8192] preg_replace(): The /e modifier is deprecated, use preg_replace_callback instead E:\www\demo\ThinkPHP\Library\Think\Template.class.php 第 419 行.
NOTIC: [8192] preg_replace(): The /e modifier is deprecated, use preg_replace_callback instead E:\www\demo\ThinkPHP\Library\Think\Template.class.php 第 419 行.
NOTIC: [8192] preg_replace(): The /e modifier is deprecated, use preg_replace_callback instead E:\www\demo\ThinkPHP\Library\Think\Template.class.php 第 419 行.
NOTIC: [8192] preg_replace(): The /e modifier is deprecated, use preg_replace_callback instead E:\www\demo\ThinkPHP\Library\Think\Template.class.php 第 419 行.
NOTIC: [8192] preg_replace(): The /e modifier is deprecated, use preg_replace_callback instead E:\www\demo\ThinkPHP\Library\Think\Template.class.php 第 419 行.
NOTIC: [8192] preg_replace(): The /e modifier is deprecated, use preg_replace_callback instead E:\www\demo\ThinkPHP\Library\Think\Template.class.php 第 419 行.
NOTIC: [8192] preg_replace(): The /e modifier is deprecated, use preg_replace_callback instead E:\www\demo\ThinkPHP\Library\Think\Template.class.php 第 419 行.
NOTIC: [8192] preg_replace(): The /e modifier is deprecated, use preg_replace_callback instead E:\www\demo\ThinkPHP\Library\Think\Template.class.php 第 419 行.
NOTIC: [8192] preg_replace(): The /e modifier is deprecated, use preg_replace_callback instead E:\www\demo\ThinkPHP\Library\Think\Template.class.php 第 419 行.
NOTIC: [8192] preg_replace(): The /e modifier is deprecated, use preg_replace_callback instead E:\www\demo\ThinkPHP\Library\Think\Template.class.php 第 419 行.
NOTIC: [8192] preg_replace(): The /e modifier is deprecated, use preg_replace_callback instead E:\www\demo\ThinkPHP\Library\Think\Template.class.php 第 419 行.
NOTIC: [8192] preg_replace(): The /e modifier is deprecated, use preg_replace_callback instead E:\www\demo\ThinkPHP\Library\Think\Template.class.php 第 419 行.
NOTIC: [8192] preg_replace(): The /e modifier is deprecated, use preg_replace_callback instead E:\www\demo\ThinkPHP\Library\Think\Template.class.php 第 419 行.
NOTIC: [8192] preg_replace(): The /e modifier is deprecated, use preg_replace_callback instead E:\www\demo\ThinkPHP\Library\Think\Template.class.php 第 419 行.
NOTIC: [8192] preg_replace(): The /e modifier is deprecated, use preg_replace_callback instead E:\www\demo\ThinkPHP\Library\Think\Template.class.php 第 419 行.
NOTIC: [8192] preg_replace(): The /e modifier is deprecated, use preg_replace_callback instead E:\www\demo\ThinkPHP\Library\Think\Template.class.php 第 419 行.
NOTIC: [8192] preg_replace(): The /e modifier is deprecated, use preg_replace_callback instead E:\www\demo\ThinkPHP\Library\Think\Template.class.php 第 419 行.
NOTIC: [8192] preg_replace(): The /e modifier is deprecated, use preg_replace_callback instead E:\www\demo\ThinkPHP\Library\Think\Template.class.php 第 419 行.
NOTIC: [8192] preg_replace(): The /e modifier is deprecated, use preg_replace_callback instead E:\www\demo\ThinkPHP\Library\Think\Template.class.php 第 419 行.
NOTIC: [8192] preg_replace(): The /e modifier is deprecated, use preg_replace_callback instead E:\www\demo\ThinkPHP\Library\Think\Template.class.php 第 419 行.
NOTIC: [8192] preg_replace(): The /e modifier is deprecated, use preg_replace_callback instead E:\www\demo\ThinkPHP\Library\Think\Template.class.php 第 419 行.
NOTIC: [8192] preg_replace(): The /e modifier is deprecated, use preg_replace_callback instead E:\www\demo\ThinkPHP\Library\Think\Template.class.php 第 419 行.
NOTIC: [8192] preg_replace(): The /e modifier is deprecated, use preg_replace_callback instead E:\www\demo\ThinkPHP\Library\Think\Template.class.php 第 419 行.
NOTIC: [8192] preg_replace(): The /e modifier is deprecated, use preg_replace_callback instead E:\www\demo\ThinkPHP\Library\Think\Template.class.php 第 419 行.
NOTIC: [8192] preg_replace(): The /e modifier is deprecated, use preg_replace_callback instead E:\www\demo\ThinkPHP\Library\Think\Template.class.php 第 419 行.
NOTIC: [8192] preg_replace(): The /e modifier is deprecated, use preg_replace_callback instead E:\www\demo\ThinkPHP\Library\Think\Template.class.php 第 419 行.
NOTIC: [8192] preg_replace(): The /e modifier is deprecated, use preg_replace_callback instead E:\www\demo\ThinkPHP\Library\Think\Template.class.php 第 419 行.
NOTIC: [8192] preg_replace(): The /e modifier is deprecated, use preg_replace_callback instead E:\www\demo\ThinkPHP\Library\Think\Template.class.php 第 419 行.
NOTIC: [8192] preg_replace(): The /e modifier is deprecated, use preg_replace_callback instead E:\www\demo\ThinkPHP\Library\Think\Template.class.php 第 419 行.
NOTIC: [8192] preg_replace(): The /e modifier is deprecated, use preg_replace_callback instead E:\www\demo\ThinkPHP\Library\Think\Template.class.php 第 419 行.
NOTIC: [8192] preg_replace(): The /e modifier is deprecated, use preg_replace_callback instead E:\www\demo\ThinkPHP\Library\Think\Template.class.php 第 419 行.
NOTIC: [8192] preg_replace(): The /e modifier is deprecated, use preg_replace_callback instead E:\www\demo\ThinkPHP\Library\Think\Template.class.php 第 419 行.
NOTIC: [8192] preg_replace(): The /e modifier is deprecated, use preg_replace_callback instead E:\www\demo\ThinkPHP\Library\Think\Template.class.php 第 419 行.
NOTIC: [8192] preg_replace(): The /e modifier is deprecated, use preg_replace_callback instead E:\www\demo\ThinkPHP\Library\Think\Template.class.php 第 419 行.
NOTIC: [8192] preg_replace(): The /e modifier is deprecated, use preg_replace_callback instead E:\www\demo\ThinkPHP\Library\Think\Template.class.php 第 419 行.
NOTIC: [8192] preg_replace(): The /e modifier is deprecated, use preg_replace_callback instead E:\www\demo\ThinkPHP\Library\Think\Template.class.php 第 419 行.
NOTIC: [8192] preg_replace(): The /e modifier is deprecated, use preg_replace_callback instead E:\www\demo\ThinkPHP\Library\Think\Template.class.php 第 419 行.
NOTIC: [8192] preg_replace(): The /e modifier is deprecated, use preg_replace_callback instead E:\www\demo\ThinkPHP\Library\Think\Template.class.php 第 414 行.
NOTIC: [8192] preg_replace(): The /e modifier is deprecated, use preg_replace_callback instead E:\www\demo\ThinkPHP\Library\Think\Template.class.php 第 414 行.
NOTIC: [8192] preg_replace(): The /e modifier is deprecated, use preg_replace_callback instead E:\www\demo\ThinkPHP\Library\Think\Template.class.php 第 414 行.
NOTIC: [8192] preg_replace(): The /e modifier is deprecated, use preg_replace_callback instead E:\www\demo\ThinkPHP\Library\Think\Template.class.php 第 414 行.
NOTIC: [8192] preg_replace(): The /e modifier is deprecated, use preg_replace_callback instead E:\www\demo\ThinkPHP\Library\Think\Template.class.php 第 414 行.
NOTIC: [8192] preg_replace(): The /e modifier is deprecated, use preg_replace_callback instead E:\www\demo\ThinkPHP\Library\Think\Template.class.php 第 414 行.
NOTIC: [8192] preg_replace(): The /e modifier is deprecated, use preg_replace_callback instead E:\www\demo\ThinkPHP\Library\Think\Template.class.php 第 419 行.
NOTIC: [8192] preg_replace(): The /e modifier is deprecated, use preg_replace_callback instead E:\www\demo\ThinkPHP\Library\Think\Template.class.php 第 419 行.
NOTIC: [8192] preg_replace(): The /e modifier is deprecated, use preg_replace_callback instead E:\www\demo\ThinkPHP\Library\Think\Template.class.php 第 419 行.
NOTIC: [8192] preg_replace(): The /e modifier is deprecated, use preg_replace_callback instead E:\www\demo\ThinkPHP\Library\Think\Template.class.php 第 258 行.
NOTIC: [8192] preg_replace(): The /e modifier is deprecated, use preg_replace_callback instead E:\www\demo\ThinkPHP\Library\Think\Template.class.php 第 419 行.
NOTIC: [8192] preg_replace(): The /e modifier is deprecated, use preg_replace_callback instead E:\www\demo\ThinkPHP\Library\Think\Template.class.php 第 419 行.
NOTIC: [8192] preg_replace(): The /e modifier is deprecated, use preg_replace_callback instead E:\www\demo\ThinkPHP\Library\Think\Template.class.php 第 419 行.
NOTIC: [8192] preg_replace(): The /e modifier is deprecated, use preg_replace_callback instead E:\www\demo\ThinkPHP\Library\Think\Template.class.php 第 419 行.
NOTIC: [8192] preg_replace(): The /e modifier is deprecated, use preg_replace_callback instead E:\www\demo\ThinkPHP\Library\Think\Template.class.php 第 419 行.
NOTIC: [8192] preg_replace(): The /e modifier is deprecated, use preg_replace_callback instead E:\www\demo\ThinkPHP\Library\Think\Template.class.php 第 419 行.
NOTIC: [8192] preg_replace(): The /e modifier is deprecated, use preg_replace_callback instead E:\www\demo\ThinkPHP\Library\Think\Template.class.php 第 419 行.
NOTIC: [8192] preg_replace(): The /e modifier is deprecated, use preg_replace_callback instead E:\www\demo\ThinkPHP\Library\Think\Template.class.php 第 419 行.
NOTIC: [8192] preg_replace(): The /e modifier is deprecated, use preg_replace_callback instead E:\www\demo\ThinkPHP\Library\Think\Template.class.php 第 419 行.
NOTIC: [8192] preg_replace(): The /e modifier is deprecated, use preg_replace_callback instead E:\www\demo\ThinkPHP\Library\Think\Template.class.php 第 419 行.
NOTIC: [8192] preg_replace(): The /e modifier is deprecated, use preg_replace_callback instead E:\www\demo\ThinkPHP\Library\Think\Template.class.php 第 419 行.
NOTIC: [8192] preg_replace(): The /e modifier is deprecated, use preg_replace_callback instead E:\www\demo\ThinkPHP\Library\Think\Template.class.php 第 419 行.
NOTIC: [8192] preg_replace(): The /e modifier is deprecated, use preg_replace_callback instead E:\www\demo\ThinkPHP\Library\Think\Template.class.php 第 414 行.
NOTIC: [8192] preg_replace(): The /e modifier is deprecated, use preg_replace_callback instead E:\www\demo\ThinkPHP\Library\Think\Template.class.php 第 414 行.
NOTIC: [8192] preg_replace(): The /e modifier is deprecated, use preg_replace_callback instead E:\www\demo\ThinkPHP\Library\Think\Template.class.php 第 419 行.
NOTIC: [8192] preg_replace(): The /e modifier is deprecated, use preg_replace_callback instead E:\www\demo\ThinkPHP\Library\Think\Template.class.php 第 419 行.
NOTIC: [8192] preg_replace(): The /e modifier is deprecated, use preg_replace_callback instead E:\www\demo\ThinkPHP\Library\Think\Template.class.php 第 419 行.
NOTIC: [8192] preg_replace(): The /e modifier is deprecated, use preg_replace_callback instead E:\www\demo\ThinkPHP\Library\Think\Template.class.php 第 414 行.
NOTIC: [8192] preg_replace(): The /e modifier is deprecated, use preg_replace_callback instead E:\www\demo\ThinkPHP\Library\Think\Template.class.php 第 419 行.
NOTIC: [8192] preg_replace(): The /e modifier is deprecated, use preg_replace_callback instead E:\www\demo\ThinkPHP\Library\Think\Template.class.php 第 419 行.
NOTIC: [8192] preg_replace(): The /e modifier is deprecated, use preg_replace_callback instead E:\www\demo\ThinkPHP\Library\Think\Template.class.php 第 419 行.
NOTIC: [8192] preg_replace(): The /e modifier is deprecated, use preg_replace_callback instead E:\www\demo\ThinkPHP\Library\Think\Template.class.php 第 419 行.
NOTIC: [8192] preg_replace(): The /e modifier is deprecated, use preg_replace_callback instead E:\www\demo\ThinkPHP\Library\Think\Template.class.php 第 419 行.
NOTIC: [8192] preg_replace(): The /e modifier is deprecated, use preg_replace_callback instead E:\www\demo\ThinkPHP\Library\Think\Template.class.php 第 419 行.
NOTIC: [8192] preg_replace(): The /e modifier is deprecated, use preg_replace_callback instead E:\www\demo\ThinkPHP\Library\Think\Template.class.php 第 419 行.
NOTIC: [8192] preg_replace(): The /e modifier is deprecated, use preg_replace_callback instead E:\www\demo\ThinkPHP\Library\Think\Template.class.php 第 419 行.
NOTIC: [8192] preg_replace(): The /e modifier is deprecated, use preg_replace_callback instead E:\www\demo\ThinkPHP\Library\Think\Template.class.php 第 419 行.
NOTIC: [8192] preg_replace(): The /e modifier is deprecated, use preg_replace_callback instead E:\www\demo\ThinkPHP\Library\Think\Template.class.php 第 419 行.
NOTIC: [8192] preg_replace(): The /e modifier is deprecated, use preg_replace_callback instead E:\www\demo\ThinkPHP\Library\Think\Template.class.php 第 419 行.
NOTIC: [8192] preg_replace(): The /e modifier is deprecated, use preg_replace_callback instead E:\www\demo\ThinkPHP\Library\Think\Template.class.php 第 419 行.
NOTIC: [8192] preg_replace(): The /e modifier is deprecated, use preg_replace_callback instead E:\www\demo\ThinkPHP\Library\Think\Template.class.php 第 419 行.
NOTIC: [8192] preg_replace(): The /e modifier is deprecated, use preg_replace_callback instead E:\www\demo\ThinkPHP\Library\Think\Template.class.php 第 419 行.
NOTIC: [8192] preg_replace(): The /e modifier is deprecated, use preg_replace_callback instead E:\www\demo\ThinkPHP\Library\Think\Template.class.php 第 419 行.
NOTIC: [8192] preg_replace(): The /e modifier is deprecated, use preg_replace_callback instead E:\www\demo\ThinkPHP\Library\Think\Template.class.php 第 419 行.
NOTIC: [8192] preg_replace(): The /e modifier is deprecated, use preg_replace_callback instead E:\www\demo\ThinkPHP\Library\Think\Template.class.php 第 419 行.
NOTIC: [8192] preg_replace(): The /e modifier is deprecated, use preg_replace_callback instead E:\www\demo\ThinkPHP\Library\Think\Template.class.php 第 419 行.
NOTIC: [8192] preg_replace(): The /e modifier is deprecated, use preg_replace_callback instead E:\www\demo\ThinkPHP\Library\Think\Template.class.php 第 419 行.
NOTIC: [8192] preg_replace(): The /e modifier is deprecated, use preg_replace_callback instead E:\www\demo\ThinkPHP\Library\Think\Template.class.php 第 419 行.
NOTIC: [8192] preg_replace(): The /e modifier is deprecated, use preg_replace_callback instead E:\www\demo\ThinkPHP\Library\Think\Template.class.php 第 419 行.
NOTIC: [8192] preg_replace(): The /e modifier is deprecated, use preg_replace_callback instead E:\www\demo\ThinkPHP\Library\Think\Template.class.php 第 419 行.
NOTIC: [8192] preg_replace(): The /e modifier is deprecated, use preg_replace_callback instead E:\www\demo\ThinkPHP\Library\Think\Template.class.php 第 419 行.
NOTIC: [8192] preg_replace(): The /e modifier is deprecated, use preg_replace_callback instead E:\www\demo\ThinkPHP\Library\Think\Template.class.php 第 419 行.
NOTIC: [8192] preg_replace(): The /e modifier is deprecated, use preg_replace_callback instead E:\www\demo\ThinkPHP\Library\Think\Template.class.php 第 419 行.
NOTIC: [8192] preg_replace(): The /e modifier is deprecated, use preg_replace_callback instead E:\www\demo\ThinkPHP\Library\Think\Template.class.php 第 419 行.
NOTIC: [8192] preg_replace(): The /e modifier is deprecated, use preg_replace_callback instead E:\www\demo\ThinkPHP\Library\Think\Template.class.php 第 419 行.
NOTIC: [8192] preg_replace(): The /e modifier is deprecated, use preg_replace_callback instead E:\www\demo\ThinkPHP\Library\Think\Template.class.php 第 419 行.
NOTIC: [8192] preg_replace(): The /e modifier is deprecated, use preg_replace_callback instead E:\www\demo\ThinkPHP\Library\Think\Template.class.php 第 419 行.
NOTIC: [8192] preg_replace(): The /e modifier is deprecated, use preg_replace_callback instead E:\www\demo\ThinkPHP\Library\Think\Template.class.php 第 419 行.
NOTIC: [8192] preg_replace(): The /e modifier is deprecated, use preg_replace_callback instead E:\www\demo\ThinkPHP\Library\Think\Template.class.php 第 419 行.
NOTIC: [8192] preg_replace(): The /e modifier is deprecated, use preg_replace_callback instead E:\www\demo\ThinkPHP\Library\Think\Template.class.php 第 419 行.
NOTIC: [8192] preg_replace(): The /e modifier is deprecated, use preg_replace_callback instead E:\www\demo\ThinkPHP\Library\Think\Template.class.php 第 419 行.
NOTIC: [8192] preg_replace(): The /e modifier is deprecated, use preg_replace_callback instead E:\www\demo\ThinkPHP\Library\Think\Template.class.php 第 419 行.
NOTIC: [8192] preg_replace(): The /e modifier is deprecated, use preg_replace_callback instead E:\www\demo\ThinkPHP\Library\Think\Template.class.php 第 419 行.
NOTIC: [8192] preg_replace(): The /e modifier is deprecated, use preg_replace_callback instead E:\www\demo\ThinkPHP\Library\Think\Template.class.php 第 419 行.
NOTIC: [8192] preg_replace(): The /e modifier is deprecated, use preg_replace_callback instead E:\www\demo\ThinkPHP\Library\Think\Template.class.php 第 419 行.
NOTIC: [8192] preg_replace(): The /e modifier is deprecated, use preg_replace_callback instead E:\www\demo\ThinkPHP\Library\Think\Template.class.php 第 419 行.
NOTIC: [8192] preg_replace(): The /e modifier is deprecated, use preg_replace_callback instead E:\www\demo\ThinkPHP\Library\Think\Template.class.php 第 419 行.
NOTIC: [8192] preg_replace(): The /e modifier is deprecated, use preg_replace_callback instead E:\www\demo\ThinkPHP\Library\Think\Template.class.php 第 419 行.
NOTIC: [8192] preg_replace(): The /e modifier is deprecated, use preg_replace_callback instead E:\www\demo\ThinkPHP\Library\Think\Template.class.php 第 419 行.
NOTIC: [8192] preg_replace(): The /e modifier is deprecated, use preg_replace_callback instead E:\www\demo\ThinkPHP\Library\Think\Template.class.php 第 419 行.
NOTIC: [8192] preg_replace(): The /e modifier is deprecated, use preg_replace_callback instead E:\www\demo\ThinkPHP\Library\Think\Template.class.php 第 419 行.
NOTIC: [8192] preg_replace(): The /e modifier is deprecated, use preg_replace_callback instead E:\www\demo\ThinkPHP\Library\Think\Template.class.php 第 419 行.
NOTIC: [8192] preg_replace(): The /e modifier is deprecated, use preg_replace_callback instead E:\www\demo\ThinkPHP\Library\Think\Template.class.php 第 419 行.
NOTIC: [8192] preg_replace(): The /e modifier is deprecated, use preg_replace_callback instead E:\www\demo\ThinkPHP\Library\Think\Template.class.php 第 419 行.
NOTIC: [8192] preg_replace(): The /e modifier is deprecated, use preg_replace_callback instead E:\www\demo\ThinkPHP\Library\Think\Template.class.php 第 419 行.
NOTIC: [8192] preg_replace(): The /e modifier is deprecated, use preg_replace_callback instead E:\www\demo\ThinkPHP\Library\Think\Template.class.php 第 419 行.
NOTIC: [8192] preg_replace(): The /e modifier is deprecated, use preg_replace_callback instead E:\www\demo\ThinkPHP\Library\Think\Template.class.php 第 419 行.
NOTIC: [8192] preg_replace(): The /e modifier is deprecated, use preg_replace_callback instead E:\www\demo\ThinkPHP\Library\Think\Template.class.php 第 419 行.
NOTIC: [8192] preg_replace(): The /e modifier is deprecated, use preg_replace_callback instead E:\www\demo\ThinkPHP\Library\Think\Template.class.php 第 419 行.
NOTIC: [8192] preg_replace(): The /e modifier is deprecated, use preg_replace_callback instead E:\www\demo\ThinkPHP\Library\Think\Template.class.php 第 419 行.
NOTIC: [8192] preg_replace(): The /e modifier is deprecated, use preg_replace_callback instead E:\www\demo\ThinkPHP\Library\Think\Template.class.php 第 419 行.
NOTIC: [8192] preg_replace(): The /e modifier is deprecated, use preg_replace_callback instead E:\www\demo\ThinkPHP\Library\Think\Template.class.php 第 419 行.
NOTIC: [8192] preg_replace(): The /e modifier is deprecated, use preg_replace_callback instead E:\www\demo\ThinkPHP\Library\Think\Template.class.php 第 419 行.
NOTIC: [8192] preg_replace(): The /e modifier is deprecated, use preg_replace_callback instead E:\www\demo\ThinkPHP\Library\Think\Template.class.php 第 419 行.
NOTIC: [8192] preg_replace(): The /e modifier is deprecated, use preg_replace_callback instead E:\www\demo\ThinkPHP\Library\Think\Template.class.php 第 419 行.
NOTIC: [8192] preg_replace(): The /e modifier is deprecated, use preg_replace_callback instead E:\www\demo\ThinkPHP\Library\Think\Template.class.php 第 419 行.
NOTIC: [8192] preg_replace(): The /e modifier is deprecated, use preg_replace_callback instead E:\www\demo\ThinkPHP\Library\Think\Template.class.php 第 419 行.
NOTIC: [8192] preg_replace(): The /e modifier is deprecated, use preg_replace_callback instead E:\www\demo\ThinkPHP\Library\Think\Template.class.php 第 419 行.
NOTIC: [8192] preg_replace(): The /e modifier is deprecated, use preg_replace_callback instead E:\www\demo\ThinkPHP\Library\Think\Template.class.php 第 419 行.
NOTIC: [8192] preg_replace(): The /e modifier is deprecated, use preg_replace_callback instead E:\www\demo\ThinkPHP\Library\Think\Template.class.php 第 419 行.
NOTIC: [8192] preg_replace(): The /e modifier is deprecated, use preg_replace_callback instead E:\www\demo\ThinkPHP\Library\Think\Template.class.php 第 419 行.
NOTIC: [8192] preg_replace(): The /e modifier is deprecated, use preg_replace_callback instead E:\www\demo\ThinkPHP\Library\Think\Template.class.php 第 419 行.
NOTIC: [8192] preg_replace(): The /e modifier is deprecated, use preg_replace_callback instead E:\www\demo\ThinkPHP\Library\Think\Template.class.php 第 419 行.
NOTIC: [8192] preg_replace(): The /e modifier is deprecated, use preg_replace_callback instead E:\www\demo\ThinkPHP\Library\Think\Template.class.php 第 419 行.
NOTIC: [8192] preg_replace(): The /e modifier is deprecated, use preg_replace_callback instead E:\www\demo\ThinkPHP\Library\Think\Template.class.php 第 414 行.
NOTIC: [8192] preg_replace(): The /e modifier is deprecated, use preg_replace_callback instead E:\www\demo\ThinkPHP\Library\Think\Template.class.php 第 414 行.
NOTIC: [8192] preg_replace(): The /e modifier is deprecated, use preg_replace_callback instead E:\www\demo\ThinkPHP\Library\Think\Template.class.php 第 414 行.
NOTIC: [8192] preg_replace(): The /e modifier is deprecated, use preg_replace_callback instead E:\www\demo\ThinkPHP\Library\Think\Template.class.php 第 414 行.
NOTIC: [8192] preg_replace(): The /e modifier is deprecated, use preg_replace_callback instead E:\www\demo\ThinkPHP\Library\Think\Template.class.php 第 414 行.
NOTIC: [8192] preg_replace(): The /e modifier is deprecated, use preg_replace_callback instead E:\www\demo\ThinkPHP\Library\Think\Template.class.php 第 414 行.
NOTIC: [8192] preg_replace(): The /e modifier is deprecated, use preg_replace_callback instead E:\www\demo\ThinkPHP\Library\Think\Template.class.php 第 419 行.
NOTIC: [8192] preg_replace(): The /e modifier is deprecated, use preg_replace_callback instead E:\www\demo\ThinkPHP\Library\Think\Template.class.php 第 419 行.
NOTIC: [8192] preg_replace(): The /e modifier is deprecated, use preg_replace_callback instead E:\www\demo\ThinkPHP\Library\Think\Template.class.php 第 419 行.
NOTIC: [8192] preg_replace(): The /e modifier is deprecated, use preg_replace_callback instead E:\www\demo\ThinkPHP\Library\Think\Template.class.php 第 419 行.
NOTIC: [8192] preg_replace(): The /e modifier is deprecated, use preg_replace_callback instead E:\www\demo\ThinkPHP\Library\Think\Template.class.php 第 419 行.
NOTIC: [8192] preg_replace(): The /e modifier is deprecated, use preg_replace_callback instead E:\www\demo\ThinkPHP\Library\Think\Template.class.php 第 419 行.
NOTIC: [8192] preg_replace(): The /e modifier is deprecated, use preg_replace_callback instead E:\www\demo\ThinkPHP\Library\Think\Template.class.php 第 419 行.
NOTIC: [8192] preg_replace(): The /e modifier is deprecated, use preg_replace_callback instead E:\www\demo\ThinkPHP\Library\Think\Template.class.php 第 414 行.
NOTIC: [8192] preg_replace(): The /e modifier is deprecated, use preg_replace_callback instead E:\www\demo\ThinkPHP\Library\Think\Template.class.php 第 414 行.
NOTIC: [8192] preg_replace(): The /e modifier is deprecated, use preg_replace_callback instead E:\www\demo\ThinkPHP\Library\Think\Template.class.php 第 419 行.
NOTIC: [8192] preg_replace(): The /e modifier is deprecated, use preg_replace_callback instead E:\www\demo\ThinkPHP\Library\Think\Template.class.php 第 419 行.
NOTIC: [8192] preg_replace(): The /e modifier is deprecated, use preg_replace_callback instead E:\www\demo\ThinkPHP\Library\Think\Template.class.php 第 419 行.
NOTIC: [8192] preg_replace(): The /e modifier is deprecated, use preg_replace_callback instead E:\www\demo\ThinkPHP\Library\Think\Template.class.php 第 414 行.
NOTIC: [8192] preg_replace(): The /e modifier is deprecated, use preg_replace_callback instead E:\www\demo\ThinkPHP\Library\Think\Template.class.php 第 419 行.
NOTIC: [8192] preg_replace(): The /e modifier is deprecated, use preg_replace_callback instead E:\www\demo\ThinkPHP\Library\Think\Template.class.php 第 419 行.
NOTIC: [8192] preg_replace(): The /e modifier is deprecated, use preg_replace_callback instead E:\www\demo\ThinkPHP\Library\Think\Template.class.php 第 419 行.
NOTIC: [8192] preg_replace(): The /e modifier is deprecated, use preg_replace_callback instead E:\www\demo\ThinkPHP\Library\Think\Template.class.php 第 419 行.
NOTIC: [8192] preg_replace(): The /e modifier is deprecated, use preg_replace_callback instead E:\www\demo\ThinkPHP\Library\Think\Template.class.php 第 419 行.
NOTIC: [8192] preg_replace(): The /e modifier is deprecated, use preg_replace_callback instead E:\www\demo\ThinkPHP\Library\Think\Template.class.php 第 419 行.
NOTIC: [8192] preg_replace(): The /e modifier is deprecated, use preg_replace_callback instead E:\www\demo\ThinkPHP\Library\Think\Template.class.php 第 419 行.
NOTIC: [8192] preg_replace(): The /e modifier is deprecated, use preg_replace_callback instead E:\www\demo\ThinkPHP\Library\Think\Template.class.php 第 419 行.
NOTIC: [8192] preg_replace(): The /e modifier is deprecated, use preg_replace_callback instead E:\www\demo\ThinkPHP\Library\Think\Template.class.php 第 419 行.
NOTIC: [8192] preg_replace(): The /e modifier is deprecated, use preg_replace_callback instead E:\www\demo\ThinkPHP\Library\Think\Template.class.php 第 419 行.
NOTIC: [8192] preg_replace(): The /e modifier is deprecated, use preg_replace_callback instead E:\www\demo\ThinkPHP\Library\Think\Template.class.php 第 419 行.
NOTIC: [8192] preg_replace(): The /e modifier is deprecated, use preg_replace_callback instead E:\www\demo\ThinkPHP\Library\Think\Template.class.php 第 419 行.
NOTIC: [8192] preg_replace(): The /e modifier is deprecated, use preg_replace_callback instead E:\www\demo\ThinkPHP\Library\Think\Template.class.php 第 419 行.
NOTIC: [8192] preg_replace(): The /e modifier is deprecated, use preg_replace_callback instead E:\www\demo\ThinkPHP\Library\Think\Template.class.php 第 419 行.
NOTIC: [8192] preg_replace(): The /e modifier is deprecated, use preg_replace_callback instead E:\www\demo\ThinkPHP\Library\Think\Template.class.php 第 419 行.
NOTIC: [8192] preg_replace(): The /e modifier is deprecated, use preg_replace_callback instead E:\www\demo\ThinkPHP\Library\Think\Template.class.php 第 419 行.
NOTIC: [8192] preg_replace(): The /e modifier is deprecated, use preg_replace_callback instead E:\www\demo\ThinkPHP\Library\Think\Template.class.php 第 419 行.
NOTIC: [8192] preg_replace(): The /e modifier is deprecated, use preg_replace_callback instead E:\www\demo\ThinkPHP\Library\Think\Template.class.php 第 419 行.
NOTIC: [8192] preg_replace(): The /e modifier is deprecated, use preg_replace_callback instead E:\www\demo\ThinkPHP\Library\Think\Template.class.php 第 419 行.
NOTIC: [8192] preg_replace(): The /e modifier is deprecated, use preg_replace_callback instead E:\www\demo\ThinkPHP\Library\Think\Template.class.php 第 419 行.
NOTIC: [8192] preg_replace(): The /e modifier is deprecated, use preg_replace_callback instead E:\www\demo\ThinkPHP\Library\Think\Template.class.php 第 419 行.
NOTIC: [8192] preg_replace(): The /e modifier is deprecated, use preg_replace_callback instead E:\www\demo\ThinkPHP\Library\Think\Template.class.php 第 419 行.
NOTIC: [8192] preg_replace(): The /e modifier is deprecated, use preg_replace_callback instead E:\www\demo\ThinkPHP\Library\Think\Template.class.php 第 419 行.
NOTIC: [8192] preg_replace(): The /e modifier is deprecated, use preg_replace_callback instead E:\www\demo\ThinkPHP\Library\Think\Template.class.php 第 419 行.
NOTIC: [8192] preg_replace(): The /e modifier is deprecated, use preg_replace_callback instead E:\www\demo\ThinkPHP\Library\Think\Template.class.php 第 419 行.
NOTIC: [8192] preg_replace(): The /e modifier is deprecated, use preg_replace_callback instead E:\www\demo\ThinkPHP\Library\Think\Template.class.php 第 419 行.
NOTIC: [8192] preg_replace(): The /e modifier is deprecated, use preg_replace_callback instead E:\www\demo\ThinkPHP\Library\Think\Template.class.php 第 419 行.
NOTIC: [8192] preg_replace(): The /e modifier is deprecated, use preg_replace_callback instead E:\www\demo\ThinkPHP\Library\Think\Template.class.php 第 419 行.
NOTIC: [8192] preg_replace(): The /e modifier is deprecated, use preg_replace_callback instead E:\www\demo\ThinkPHP\Library\Think\Template.class.php 第 419 行.
NOTIC: [8192] preg_replace(): The /e modifier is deprecated, use preg_replace_callback instead E:\www\demo\ThinkPHP\Library\Think\Template.class.php 第 419 行.
NOTIC: [8192] preg_replace(): The /e modifier is deprecated, use preg_replace_callback instead E:\www\demo\ThinkPHP\Library\Think\Template.class.php 第 419 行.
NOTIC: [8192] preg_replace(): The /e modifier is deprecated, use preg_replace_callback instead E:\www\demo\ThinkPHP\Library\Think\Template.class.php 第 419 行.
NOTIC: [8192] preg_replace(): The /e modifier is deprecated, use preg_replace_callback instead E:\www\demo\ThinkPHP\Library\Think\Template.class.php 第 419 行.
NOTIC: [8192] preg_replace(): The /e modifier is deprecated, use preg_replace_callback instead E:\www\demo\ThinkPHP\Library\Think\Template.class.php 第 419 行.
NOTIC: [8192] preg_replace(): The /e modifier is deprecated, use preg_replace_callback instead E:\www\demo\ThinkPHP\Library\Think\Template.class.php 第 419 行.
NOTIC: [8192] preg_replace(): The /e modifier is deprecated, use preg_replace_callback instead E:\www\demo\ThinkPHP\Library\Think\Template.class.php 第 419 行.
NOTIC: [8192] preg_replace(): The /e modifier is deprecated, use preg_replace_callback instead E:\www\demo\ThinkPHP\Library\Think\Template.class.php 第 419 行.
NOTIC: [8192] preg_replace(): The /e modifier is deprecated, use preg_replace_callback instead E:\www\demo\ThinkPHP\Library\Think\Template.class.php 第 419 行.
NOTIC: [8192] preg_replace(): The /e modifier is deprecated, use preg_replace_callback instead E:\www\demo\ThinkPHP\Library\Think\Template.class.php 第 419 行.
NOTIC: [8192] preg_replace(): The /e modifier is deprecated, use preg_replace_callback instead E:\www\demo\ThinkPHP\Library\Think\Template.class.php 第 419 行.
NOTIC: [8192] preg_replace(): The /e modifier is deprecated, use preg_replace_callback instead E:\www\demo\ThinkPHP\Library\Think\Template.class.php 第 419 行.
NOTIC: [8192] preg_replace(): The /e modifier is deprecated, use preg_replace_callback instead E:\www\demo\ThinkPHP\Library\Think\Template.class.php 第 419 行.
NOTIC: [8192] preg_replace(): The /e modifier is deprecated, use preg_replace_callback instead E:\www\demo\ThinkPHP\Library\Think\Template.class.php 第 419 行.
NOTIC: [8192] preg_replace(): The /e modifier is deprecated, use preg_replace_callback instead E:\www\demo\ThinkPHP\Library\Think\Template.class.php 第 419 行.
NOTIC: [8192] preg_replace(): The /e modifier is deprecated, use preg_replace_callback instead E:\www\demo\ThinkPHP\Library\Think\Template.class.php 第 419 行.
NOTIC: [8192] preg_replace(): The /e modifier is deprecated, use preg_replace_callback instead E:\www\demo\ThinkPHP\Library\Think\Template.class.php 第 419 行.
NOTIC: [8192] preg_replace(): The /e modifier is deprecated, use preg_replace_callback instead E:\www\demo\ThinkPHP\Library\Think\Template.class.php 第 419 行.
NOTIC: [8192] preg_replace(): The /e modifier is deprecated, use preg_replace_callback instead E:\www\demo\ThinkPHP\Library\Think\Template.class.php 第 419 行.
NOTIC: [8192] preg_replace(): The /e modifier is deprecated, use preg_replace_callback instead E:\www\demo\ThinkPHP\Library\Think\Template.class.php 第 419 行.
NOTIC: [8192] preg_replace(): The /e modifier is deprecated, use preg_replace_callback instead E:\www\demo\ThinkPHP\Library\Think\Template.class.php 第 419 行.
NOTIC: [8192] preg_replace(): The /e modifier is deprecated, use preg_replace_callback instead E:\www\demo\ThinkPHP\Library\Think\Template.class.php 第 419 行.
NOTIC: [8192] preg_replace(): The /e modifier is deprecated, use preg_replace_callback instead E:\www\demo\ThinkPHP\Library\Think\Template.class.php 第 419 行.
NOTIC: [8192] preg_replace(): The /e modifier is deprecated, use preg_replace_callback instead E:\www\demo\ThinkPHP\Library\Think\Template.class.php 第 419 行.
NOTIC: [8192] preg_replace(): The /e modifier is deprecated, use preg_replace_callback instead E:\www\demo\ThinkPHP\Library\Think\Template.class.php 第 419 行.
NOTIC: [8192] preg_replace(): The /e modifier is deprecated, use preg_replace_callback instead E:\www\demo\ThinkPHP\Library\Think\Template.class.php 第 419 行.
NOTIC: [8192] preg_replace(): The /e modifier is deprecated, use preg_replace_callback instead E:\www\demo\ThinkPHP\Library\Think\Template.class.php 第 419 行.
NOTIC: [8192] preg_replace(): The /e modifier is deprecated, use preg_replace_callback instead E:\www\demo\ThinkPHP\Library\Think\Template.class.php 第 419 行.
NOTIC: [8192] preg_replace(): The /e modifier is deprecated, use preg_replace_callback instead E:\www\demo\ThinkPHP\Library\Think\Template.class.php 第 419 行.
NOTIC: [8192] preg_replace(): The /e modifier is deprecated, use preg_replace_callback instead E:\www\demo\ThinkPHP\Library\Think\Template.class.php 第 419 行.
NOTIC: [8192] preg_replace(): The /e modifier is deprecated, use preg_replace_callback instead E:\www\demo\ThinkPHP\Library\Think\Template.class.php 第 419 行.
NOTIC: [8192] preg_replace(): The /e modifier is deprecated, use preg_replace_callback instead E:\www\demo\ThinkPHP\Library\Think\Template.class.php 第 419 行.
NOTIC: [8192] preg_replace(): The /e modifier is deprecated, use preg_replace_callback instead E:\www\demo\ThinkPHP\Library\Think\Template.class.php 第 419 行.
NOTIC: [8192] preg_replace(): The /e modifier is deprecated, use preg_replace_callback instead E:\www\demo\ThinkPHP\Library\Think\Template.class.php 第 419 行.
NOTIC: [8192] preg_replace(): The /e modifier is deprecated, use preg_replace_callback instead E:\www\demo\ThinkPHP\Library\Think\Template.class.php 第 419 行.
NOTIC: [8192] preg_replace(): The /e modifier is deprecated, use preg_replace_callback instead E:\www\demo\ThinkPHP\Library\Think\Template.class.php 第 419 行.
NOTIC: [8192] preg_replace(): The /e modifier is deprecated, use preg_replace_callback instead E:\www\demo\ThinkPHP\Library\Think\Template.class.php 第 419 行.
NOTIC: [8192] preg_replace(): The /e modifier is deprecated, use preg_replace_callback instead E:\www\demo\ThinkPHP\Library\Think\Template.class.php 第 414 行.
NOTIC: [8192] preg_replace(): The /e modifier is deprecated, use preg_replace_callback instead E:\www\demo\ThinkPHP\Library\Think\Template.class.php 第 414 行.
NOTIC: [8192] preg_replace(): The /e modifier is deprecated, use preg_replace_callback instead E:\www\demo\ThinkPHP\Library\Think\Template.class.php 第 414 行.
NOTIC: [8192] preg_replace(): The /e modifier is deprecated, use preg_replace_callback instead E:\www\demo\ThinkPHP\Library\Think\Template.class.php 第 414 行.
NOTIC: [8] Undefined offset: 1 E:\www\demo\ThinkPHP\Library\Think\Template\Taglib\Cx.class.php 第 493 行.
NOTIC: [8] Undefined offset: 1 E:\www\demo\ThinkPHP\Library\Think\Template\Taglib\Cx.class.php 第 493 行.
NOTIC: [8] Undefined offset: 1 E:\www\demo\ThinkPHP\Library\Think\Template\Taglib\Cx.class.php 第 493 行.
NOTIC: [8] Undefined offset: 1 E:\www\demo\ThinkPHP\Library\Think\Template\Taglib\Cx.class.php 第 493 行.
NOTIC: [8] Undefined offset: 1 E:\www\demo\ThinkPHP\Library\Think\Template\Taglib\Cx.class.php 第 493 行.
NOTIC: [8] Undefined offset: 1 E:\www\demo\ThinkPHP\Library\Think\Template\Taglib\Cx.class.php 第 493 行.
NOTIC: [8192] preg_replace(): The /e modifier is deprecated, use preg_replace_callback instead E:\www\demo\ThinkPHP\Library\Think\Template.class.php 第 414 行.
NOTIC: [8192] preg_replace(): The /e modifier is deprecated, use preg_replace_callback instead E:\www\demo\ThinkPHP\Library\Think\Template.class.php 第 414 行.
NOTIC: [8192] preg_replace(): The /e modifier is deprecated, use preg_replace_callback instead E:\www\demo\ThinkPHP\Library\Think\Template.class.php 第 419 行.
NOTIC: [8192] preg_replace(): The /e modifier is deprecated, use preg_replace_callback instead E:\www\demo\ThinkPHP\Library\Think\Template.class.php 第 419 行.
NOTIC: [8192] preg_replace(): The /e modifier is deprecated, use preg_replace_callback instead E:\www\demo\ThinkPHP\Library\Think\Template.class.php 第 419 行.
INFO: [ template_filter ] --START--
INFO: Run ContentReplaceBehavior [ RunTime:0.000000s ]
INFO: [ template_filter ] --END-- [ RunTime:0.000000s ]
NOTIC: [8] Undefined variable: phoneWhere E:\www\demo\Application\Runtime\Cache\Home\dd63a02bf0ac73d61f38ef84d07600d4.php 第 75 行.
NOTIC: [8] Undefined variable: startWhere E:\www\demo\Application\Runtime\Cache\Home\dd63a02bf0ac73d61f38ef84d07600d4.php 第 77 行.
NOTIC: [8] Undefined variable: endWhere E:\www\demo\Application\Runtime\Cache\Home\dd63a02bf0ac73d61f38ef84d07600d4.php 第 78 行.
NOTIC: [8] Undefined variable: startWhere E:\www\demo\Application\Runtime\Cache\Home\dd63a02bf0ac73d61f38ef84d07600d4.php 第 84 行.
NOTIC: [8] Undefined variable: endWhere E:\www\demo\Application\Runtime\Cache\Home\dd63a02bf0ac73d61f38ef84d07600d4.php 第 85 行.
NOTIC: [8] Undefined variable: phoneWhere E:\www\demo\Application\Runtime\Cache\Home\dd63a02bf0ac73d61f38ef84d07600d4.php 第 86 行.
INFO: Run ParseTemplateBehavior [ RunTime:0.014000s ]
INFO: [ view_parse ] --END-- [ RunTime:0.014000s ]
INFO: [ view_filter ] --START--
INFO: Run WriteHtmlCacheBehavior [ RunTime:0.000000s ]
INFO: [ view_filter ] --END-- [ RunTime:0.000000s ]
INFO: [ view_end ] --START--
INFO: [ view_end ] --END-- [ RunTime:0.000000s ]
INFO: [ app_end ] --START--
INFO: Run ShowPageTraceBehavior [ RunTime:0.000000s ]
INFO: [ app_end ] --END-- [ RunTime:0.000000s ]

